{"uid":"4fea370880620bee","name":"TG10-Test system requirement create","fullName":"tests.games.core.system_requirement.test_post_system_requirement.TestSystemRequirementCreate#test_system_requirement_create","historyId":"5d84eb76452dcea4bc8f13df63b167e9","time":{"start":1690660378217,"stop":1690660378947,"duration":730},"description":"Проверка успешного ответа [201] при создании системных требований","descriptionHtml":"<p>Проверка успешного ответа [201] при создании системных требований</p>\n","status":"skipped","statusMessage":"XFAIL System requirements cannot be created\n\nAssertionError: Status code is different than expected.\nExpected: 201\nActual: 400","statusTrace":"self = <tests.games.core.system_requirement.test_post_system_requirement.TestSystemRequirementCreate object at 0x7f3b56ecb690>\ndelete_created_data = <function _delete_created_data at 0x7f3b61422fc0>\n\n    @allure.title(f'{Cases.GAMES[\"TG10\"][\"id\"]}-Test system requirement create')\n    @allure.description('Проверка успешного ответа [201] при создании системных требований')\n    @allure.testcase(name=Cases.GAMES[\"TG10\"][\"name\"], url=Cases.GAMES[\"TG10\"][\"link\"])\n    def test_system_requirement_create(self, delete_created_data):\n        payload = Generator.object(model=SystemRequirement, seed=10)\n        response = create_system_requirement(json=payload)\n    \n        payload['id'] = response.json().get('id')\n>       assert_status_code(response=response, expected=201)\n\ntests/games/core/system_requirement/test_post_system_requirement.py:26: \n_ _ _ _ _ _ _ _ _ _ _ _ _ _ _ _ _ _ _ _ _ _ _ _ _ _ _ _ _ _ _ _ _ _ _ _ _ _ _ _ \nsource/base/validator.py:62: in assert_status_code\n    return Assertion(response=response).assert_status_code(expected=expected)\n_ _ _ _ _ _ _ _ _ _ _ _ _ _ _ _ _ _ _ _ _ _ _ _ _ _ _ _ _ _ _ _ _ _ _ _ _ _ _ _ \n\nself = <source.base.validator.Assertion object at 0x7f3b572413d0>\nexpected = 201\n\n    @allure.step('Assertion of a status code')\n    def assert_status_code(self, expected: int):\n>       assert self.status_code == expected, f'{GlobalError.WRONG_STATUS_CODE}.\\n' \\\n                                             f'Expected: {expected}\\n'\\\n                                             f'Actual: {self.status_code}\\n'\nE       AssertionError: Status code is different than expected.\nE       Expected: 201\nE       Actual: 400\n\nsource/base/validator.py:43: AssertionError","flaky":false,"newFailed":false,"newBroken":false,"newPassed":false,"retriesCount":0,"retriesStatusChange":false,"beforeStages":[{"name":"_session_faker","time":{"start":1690660372311,"stop":1690660372436,"duration":125},"status":"passed","steps":[],"attachments":[],"parameters":[],"stepsCount":0,"attachmentsCount":0,"shouldDisplayMessage":false,"hasContent":false},{"name":"delete_created_data","time":{"start":1690660378217,"stop":1690660378217,"duration":0},"status":"passed","steps":[],"attachments":[],"parameters":[],"stepsCount":0,"attachmentsCount":0,"shouldDisplayMessage":false,"hasContent":false}],"testStage":{"description":"Проверка успешного ответа [201] при создании системных требований","status":"skipped","statusMessage":"XFAIL System requirements cannot be created\n\nAssertionError: Status code is different than expected.\nExpected: 201\nActual: 400","statusTrace":"self = <tests.games.core.system_requirement.test_post_system_requirement.TestSystemRequirementCreate object at 0x7f3b56ecb690>\ndelete_created_data = <function _delete_created_data at 0x7f3b61422fc0>\n\n    @allure.title(f'{Cases.GAMES[\"TG10\"][\"id\"]}-Test system requirement create')\n    @allure.description('Проверка успешного ответа [201] при создании системных требований')\n    @allure.testcase(name=Cases.GAMES[\"TG10\"][\"name\"], url=Cases.GAMES[\"TG10\"][\"link\"])\n    def test_system_requirement_create(self, delete_created_data):\n        payload = Generator.object(model=SystemRequirement, seed=10)\n        response = create_system_requirement(json=payload)\n    \n        payload['id'] = response.json().get('id')\n>       assert_status_code(response=response, expected=201)\n\ntests/games/core/system_requirement/test_post_system_requirement.py:26: \n_ _ _ _ _ _ _ _ _ _ _ _ _ _ _ _ _ _ _ _ _ _ _ _ _ _ _ _ _ _ _ _ _ _ _ _ _ _ _ _ \nsource/base/validator.py:62: in assert_status_code\n    return Assertion(response=response).assert_status_code(expected=expected)\n_ _ _ _ _ _ _ _ _ _ _ _ _ _ _ _ _ _ _ _ _ _ _ _ _ _ _ _ _ _ _ _ _ _ _ _ _ _ _ _ \n\nself = <source.base.validator.Assertion object at 0x7f3b572413d0>\nexpected = 201\n\n    @allure.step('Assertion of a status code')\n    def assert_status_code(self, expected: int):\n>       assert self.status_code == expected, f'{GlobalError.WRONG_STATUS_CODE}.\\n' \\\n                                             f'Expected: {expected}\\n'\\\n                                             f'Actual: {self.status_code}\\n'\nE       AssertionError: Status code is different than expected.\nE       Expected: 201\nE       Actual: 400\n\nsource/base/validator.py:43: AssertionError","steps":[{"name":"Generating data based on json model <class 'source.schemas.games.system_requirement.SystemRequirement'>","time":{"start":1690660378217,"stop":1690660378235,"duration":18},"status":"passed","steps":[],"attachments":[],"parameters":[{"name":"model","value":"<class 'source.schemas.games.system_requirement.SystemRequirement'>"},{"name":"lang","value":"None"},{"name":"seed","value":"10"},{"name":"include","value":"None"},{"name":"exclude","value":"None"}],"stepsCount":0,"attachmentsCount":0,"shouldDisplayMessage":false,"hasContent":true},{"name":"Create a system requirement","time":{"start":1690660378235,"stop":1690660378942,"duration":707},"status":"passed","steps":[{"name":"POST request to:\n'https://games.alpha.g-spot.website/api/v1/core/system_requirement/'","time":{"start":1690660378235,"stop":1690660378942,"duration":707},"status":"passed","steps":[],"attachments":[{"uid":"3856e8d3092c6f02","name":"Logs","source":"3856e8d3092c6f02.txt","type":"text/plain","size":873}],"parameters":[{"name":"url","value":"'https://games.alpha.g-spot.website/api/v1/core/system_requirement/'"},{"name":"data","value":"None"},{"name":"json","value":"{'operatingSystem': 'WINDOWS', 'deviceProcessor': 'owner', 'deviceStorage': 'alone', 'deviceGraphics': 'laugh', 'typeRequirements': 'RECOMMEND'}"},{"name":"params","value":"None"},{"name":"headers","value":"None"},{"name":"cookies","value":"None"},{"name":"auth","value":"('tester', 'tester')"}],"stepsCount":0,"attachmentsCount":1,"shouldDisplayMessage":false,"hasContent":true}],"attachments":[],"parameters":[{"name":"json","value":"{'operatingSystem': 'WINDOWS', 'deviceProcessor': 'owner', 'deviceStorage': 'alone', 'deviceGraphics': 'laugh', 'typeRequirements': 'RECOMMEND'}"},{"name":"auth","value":"('tester', 'tester')"}],"stepsCount":1,"attachmentsCount":1,"shouldDisplayMessage":false,"hasContent":true},{"name":"Assertion of a status code","time":{"start":1690660378942,"stop":1690660378942,"duration":0},"status":"failed","statusMessage":"AssertionError: Status code is different than expected.\nExpected: 201\nActual: 400\n\n","statusTrace":"  File \"/usr/local/lib/python3.11/site-packages/allure_commons/_allure.py\", line 192, in impl\n    return func(*a, **kw)\n           ^^^^^^^^^^^^^^\n  File \"/usr/project/source/base/validator.py\", line 43, in assert_status_code\n    assert self.status_code == expected, f'{GlobalError.WRONG_STATUS_CODE}.\\n' \\\n           ^^^^^^^^^^^^^^^^^^^^^^^^^^^^\n","steps":[],"attachments":[],"parameters":[{"name":"expected","value":"201"}],"stepsCount":0,"attachmentsCount":0,"shouldDisplayMessage":true,"hasContent":true}],"attachments":[],"parameters":[],"stepsCount":4,"attachmentsCount":1,"shouldDisplayMessage":true,"hasContent":true},"afterStages":[],"labels":[{"name":"story","value":"System requirement"},{"name":"suite","value":"Test post system requirement"},{"name":"feature","value":"Core"},{"name":"epic","value":"Games"},{"name":"tag","value":"@pytest.mark.xfail(reason='System requirements cannot be created')"},{"name":"tag","value":"smoke"},{"name":"parentSuite","value":"tests.games.core.system_requirement"},{"name":"subSuite","value":"TestSystemRequirementCreate"},{"name":"host","value":"d56431be50ec"},{"name":"thread","value":"1-MainThread"},{"name":"framework","value":"pytest"},{"name":"language","value":"cpython3"},{"name":"package","value":"tests.games.core.system_requirement.test_post_system_requirement"},{"name":"resultFormat","value":"allure2"}],"parameters":[],"links":[{"name":"core_system_requirement_post","url":"https://github.com/victoretc/GSPOTtestingdocumentation/blob/main/games/core/core_system_requirement_post.md","type":"tms"}],"hidden":false,"retry":false,"extra":{"severity":"normal","retries":[],"categories":[],"tags":["smoke","@pytest.mark.xfail(reason='System requirements cannot be created')"]},"source":"4fea370880620bee.json","parameterValues":[]}