{"uid":"f9bf5ddd86928baa","name":"TG12-Test system requirement list","fullName":"tests.games.core.system_requirement.test_get_system_requirement.TestSystemRequirement#test_system_requirement_read","historyId":"a09496d405aebab680a5fe8eb32129c8","time":{"start":1690660376465,"stop":1690660376465,"duration":0},"description":"Проверка успешного ответа [200] при запросе системных требований по ID.","descriptionHtml":"<p>Проверка успешного ответа [200] при запросе системных требований по ID.</p>\n","status":"skipped","statusMessage":"XFAIL System requirements cannot be created\n\nAssertionError: Status code is different than expected.\nExpected: 201\nActual: 400","statusTrace":"@pytest.fixture()\n    def create_delete_test_system_requirement():\n        payload = Generator.object(model=SystemRequirement)\n        response = create_system_requirement(json=payload)\n>       assert_status_code(response=response, expected=201)\n\ntests/games/conftest.py:106: \n_ _ _ _ _ _ _ _ _ _ _ _ _ _ _ _ _ _ _ _ _ _ _ _ _ _ _ _ _ _ _ _ _ _ _ _ _ _ _ _ \nsource/base/validator.py:62: in assert_status_code\n    return Assertion(response=response).assert_status_code(expected=expected)\n_ _ _ _ _ _ _ _ _ _ _ _ _ _ _ _ _ _ _ _ _ _ _ _ _ _ _ _ _ _ _ _ _ _ _ _ _ _ _ _ \n\nself = <source.base.validator.Assertion object at 0x7f3b570cf750>\nexpected = 201\n\n    @allure.step('Assertion of a status code')\n    def assert_status_code(self, expected: int):\n>       assert self.status_code == expected, f'{GlobalError.WRONG_STATUS_CODE}.\\n' \\\n                                             f'Expected: {expected}\\n'\\\n                                             f'Actual: {self.status_code}\\n'\nE       AssertionError: Status code is different than expected.\nE       Expected: 201\nE       Actual: 400\n\nsource/base/validator.py:43: AssertionError","flaky":false,"newFailed":false,"newBroken":false,"newPassed":false,"retriesCount":0,"retriesStatusChange":false,"beforeStages":[{"name":"_session_faker","time":{"start":1690660372311,"stop":1690660372436,"duration":125},"status":"passed","steps":[],"attachments":[],"parameters":[],"stepsCount":0,"attachmentsCount":0,"shouldDisplayMessage":false,"hasContent":false},{"name":"create_delete_test_system_requirement","time":{"start":1690660376465,"stop":1690660377270,"duration":805},"status":"failed","statusMessage":"AssertionError: Status code is different than expected.\nExpected: 201\nActual: 400\n\n","statusTrace":"  File \"/usr/local/lib/python3.11/site-packages/pluggy/_callers.py\", line 39, in _multicall\n    res = hook_impl.function(*args)\n          ^^^^^^^^^^^^^^^^^^^^^^^^^\n  File \"/usr/local/lib/python3.11/site-packages/_pytest/fixtures.py\", line 1130, in pytest_fixture_setup\n    result = call_fixture_func(fixturefunc, request, kwargs)\n             ^^^^^^^^^^^^^^^^^^^^^^^^^^^^^^^^^^^^^^^^^^^^^^^\n  File \"/usr/local/lib/python3.11/site-packages/_pytest/fixtures.py\", line 902, in call_fixture_func\n    fixture_result = next(generator)\n                     ^^^^^^^^^^^^^^^\n  File \"/usr/project/tests/games/conftest.py\", line 106, in create_delete_test_system_requirement\n    assert_status_code(response=response, expected=201)\n  File \"/usr/project/source/base/validator.py\", line 62, in assert_status_code\n    return Assertion(response=response).assert_status_code(expected=expected)\n           ^^^^^^^^^^^^^^^^^^^^^^^^^^^^^^^^^^^^^^^^^^^^^^^^^^^^^^^^^^^^^^^^^^\n  File \"/usr/local/lib/python3.11/site-packages/allure_commons/_allure.py\", line 192, in impl\n    return func(*a, **kw)\n           ^^^^^^^^^^^^^^\n  File \"/usr/project/source/base/validator.py\", line 43, in assert_status_code\n    assert self.status_code == expected, f'{GlobalError.WRONG_STATUS_CODE}.\\n' \\\n           ^^^^^^^^^^^^^^^^^^^^^^^^^^^^\n","steps":[{"name":"Generating data based on json model <class 'source.schemas.games.system_requirement.SystemRequirement'>","time":{"start":1690660376465,"stop":1690660376485,"duration":20},"status":"passed","steps":[],"attachments":[],"parameters":[{"name":"model","value":"<class 'source.schemas.games.system_requirement.SystemRequirement'>"},{"name":"lang","value":"None"},{"name":"seed","value":"None"},{"name":"include","value":"None"},{"name":"exclude","value":"None"}],"stepsCount":0,"attachmentsCount":0,"shouldDisplayMessage":false,"hasContent":true},{"name":"Create a system requirement","time":{"start":1690660376485,"stop":1690660377270,"duration":785},"status":"passed","steps":[{"name":"POST request to:\n'https://games.alpha.g-spot.website/api/v1/core/system_requirement/'","time":{"start":1690660376485,"stop":1690660377270,"duration":785},"status":"passed","steps":[],"attachments":[{"uid":"dc7082c55bbb9b6f","name":"Logs","source":"dc7082c55bbb9b6f.txt","type":"text/plain","size":873}],"parameters":[{"name":"url","value":"'https://games.alpha.g-spot.website/api/v1/core/system_requirement/'"},{"name":"data","value":"None"},{"name":"json","value":"{'operatingSystem': 'WINDOWS', 'deviceProcessor': 'office', 'deviceStorage': 'hit', 'deviceGraphics': 'always', 'typeRequirements': 'RECOMMEND'}"},{"name":"params","value":"None"},{"name":"headers","value":"None"},{"name":"cookies","value":"None"},{"name":"auth","value":"('tester', 'tester')"}],"stepsCount":0,"attachmentsCount":1,"shouldDisplayMessage":false,"hasContent":true}],"attachments":[],"parameters":[{"name":"json","value":"{'operatingSystem': 'WINDOWS', 'deviceProcessor': 'office', 'deviceStorage': 'hit', 'deviceGraphics': 'always', 'typeRequirements': 'RECOMMEND'}"},{"name":"auth","value":"('tester', 'tester')"}],"stepsCount":1,"attachmentsCount":1,"shouldDisplayMessage":false,"hasContent":true},{"name":"Assertion of a status code","time":{"start":1690660377270,"stop":1690660377270,"duration":0},"status":"failed","statusMessage":"AssertionError: Status code is different than expected.\nExpected: 201\nActual: 400\n\n","statusTrace":"  File \"/usr/local/lib/python3.11/site-packages/allure_commons/_allure.py\", line 192, in impl\n    return func(*a, **kw)\n           ^^^^^^^^^^^^^^\n  File \"/usr/project/source/base/validator.py\", line 43, in assert_status_code\n    assert self.status_code == expected, f'{GlobalError.WRONG_STATUS_CODE}.\\n' \\\n           ^^^^^^^^^^^^^^^^^^^^^^^^^^^^\n","steps":[],"attachments":[],"parameters":[{"name":"expected","value":"201"}],"stepsCount":0,"attachmentsCount":0,"shouldDisplayMessage":true,"hasContent":true}],"attachments":[],"parameters":[],"stepsCount":4,"attachmentsCount":1,"shouldDisplayMessage":false,"hasContent":true}],"afterStages":[],"labels":[{"name":"story","value":"System requirement"},{"name":"suite","value":"Test get system requirement"},{"name":"feature","value":"Core"},{"name":"epic","value":"Games"},{"name":"tag","value":"@pytest.mark.xfail(reason='System requirements cannot be created')"},{"name":"tag","value":"smoke"},{"name":"parentSuite","value":"tests.games.core.system_requirement"},{"name":"subSuite","value":"TestSystemRequirement"},{"name":"host","value":"d56431be50ec"},{"name":"thread","value":"1-MainThread"},{"name":"framework","value":"pytest"},{"name":"language","value":"cpython3"},{"name":"package","value":"tests.games.core.system_requirement.test_get_system_requirement"},{"name":"resultFormat","value":"allure2"}],"parameters":[],"links":[{"name":"core_system_requirement_{id}_get","url":"https://github.com/victoretc/GSPOTtestingdocumentation/blob/main/games/core/core_system_requirement_%7Bid%7D_get.md","type":"tms"}],"hidden":false,"retry":false,"extra":{"severity":"normal","retries":[],"categories":[],"tags":["smoke","@pytest.mark.xfail(reason='System requirements cannot be created')"]},"source":"f9bf5ddd86928baa.json","parameterValues":[]}