{"uid":"58973afde31fd1df","name":"Test system requirement create","fullName":"tests.games.core.system_requirement.test_post_system_requirement.TestSystemRequirementCreate#test_system_requirement_create","historyId":"5d84eb76452dcea4bc8f13df63b167e9","time":{"start":1690386413545,"stop":1690386414260,"duration":715},"description":"Проверка успешного ответа [201] при создании системных требований","descriptionHtml":"<p>Проверка успешного ответа [201] при создании системных требований</p>\n","status":"skipped","statusMessage":"XFAIL System requirements cannot be created\n\nAssertionError: Status code is different than expected.\nExpected: 201\nActual: 400","statusTrace":"self = <tests.games.core.system_requirement.test_post_system_requirement.TestSystemRequirementCreate object at 0x7f5366c2c490>\ndelete_created_data = <function _delete_created_data at 0x7f53685befc0>\n\n    @allure.title('Test system requirement create')\n    @allure.description('Проверка успешного ответа [201] при создании системных требований')\n    def test_system_requirement_create(self, delete_created_data):\n        payload = Generator.object(model=SystemRequirement, seed=10)\n        response = create_system_requirement(json=payload)\n    \n        payload['id'] = response.json().get('id')\n>       assert_status_code(response=response, expected=201)\n\ntests/games/core/system_requirement/test_post_system_requirement.py:24: \n_ _ _ _ _ _ _ _ _ _ _ _ _ _ _ _ _ _ _ _ _ _ _ _ _ _ _ _ _ _ _ _ _ _ _ _ _ _ _ _ \nsource/base/validator.py:62: in assert_status_code\n    return Assertion(response=response).assert_status_code(expected=expected)\n_ _ _ _ _ _ _ _ _ _ _ _ _ _ _ _ _ _ _ _ _ _ _ _ _ _ _ _ _ _ _ _ _ _ _ _ _ _ _ _ \n\nself = <source.base.validator.Assertion object at 0x7f536690e090>\nexpected = 201\n\n    @allure.step('Assertion of a status code')\n    def assert_status_code(self, expected: int):\n>       assert self.status_code == expected, f'{GlobalError.WRONG_STATUS_CODE}.\\n' \\\n                                             f'Expected: {expected}\\n'\\\n                                             f'Actual: {self.status_code}\\n'\nE       AssertionError: Status code is different than expected.\nE       Expected: 201\nE       Actual: 400\n\nsource/base/validator.py:43: AssertionError","flaky":false,"newFailed":false,"newBroken":false,"newPassed":false,"retriesCount":0,"retriesStatusChange":false,"beforeStages":[{"name":"_session_faker","time":{"start":1690386409981,"stop":1690386410079,"duration":98},"status":"passed","steps":[],"attachments":[],"parameters":[],"stepsCount":0,"attachmentsCount":0,"shouldDisplayMessage":false,"hasContent":false},{"name":"delete_created_data","time":{"start":1690386413544,"stop":1690386413544,"duration":0},"status":"passed","steps":[],"attachments":[],"parameters":[],"stepsCount":0,"attachmentsCount":0,"shouldDisplayMessage":false,"hasContent":false}],"testStage":{"description":"Проверка успешного ответа [201] при создании системных требований","status":"skipped","statusMessage":"XFAIL System requirements cannot be created\n\nAssertionError: Status code is different than expected.\nExpected: 201\nActual: 400","statusTrace":"self = <tests.games.core.system_requirement.test_post_system_requirement.TestSystemRequirementCreate object at 0x7f5366c2c490>\ndelete_created_data = <function _delete_created_data at 0x7f53685befc0>\n\n    @allure.title('Test system requirement create')\n    @allure.description('Проверка успешного ответа [201] при создании системных требований')\n    def test_system_requirement_create(self, delete_created_data):\n        payload = Generator.object(model=SystemRequirement, seed=10)\n        response = create_system_requirement(json=payload)\n    \n        payload['id'] = response.json().get('id')\n>       assert_status_code(response=response, expected=201)\n\ntests/games/core/system_requirement/test_post_system_requirement.py:24: \n_ _ _ _ _ _ _ _ _ _ _ _ _ _ _ _ _ _ _ _ _ _ _ _ _ _ _ _ _ _ _ _ _ _ _ _ _ _ _ _ \nsource/base/validator.py:62: in assert_status_code\n    return Assertion(response=response).assert_status_code(expected=expected)\n_ _ _ _ _ _ _ _ _ _ _ _ _ _ _ _ _ _ _ _ _ _ _ _ _ _ _ _ _ _ _ _ _ _ _ _ _ _ _ _ \n\nself = <source.base.validator.Assertion object at 0x7f536690e090>\nexpected = 201\n\n    @allure.step('Assertion of a status code')\n    def assert_status_code(self, expected: int):\n>       assert self.status_code == expected, f'{GlobalError.WRONG_STATUS_CODE}.\\n' \\\n                                             f'Expected: {expected}\\n'\\\n                                             f'Actual: {self.status_code}\\n'\nE       AssertionError: Status code is different than expected.\nE       Expected: 201\nE       Actual: 400\n\nsource/base/validator.py:43: AssertionError","steps":[{"name":"Generating data based on json model <class 'source.schemas.games.system_requirement.SystemRequirement'>","time":{"start":1690386413545,"stop":1690386413563,"duration":18},"status":"passed","steps":[],"attachments":[],"parameters":[{"name":"model","value":"<class 'source.schemas.games.system_requirement.SystemRequirement'>"},{"name":"lang","value":"None"},{"name":"seed","value":"10"},{"name":"include","value":"None"},{"name":"exclude","value":"None"}],"stepsCount":0,"attachmentsCount":0,"shouldDisplayMessage":false,"hasContent":true},{"name":"Create a system requirement","time":{"start":1690386413563,"stop":1690386414260,"duration":697},"status":"passed","steps":[{"name":"POST request to 'https://games.alpha.g-spot.website/api/v1/core/system_requirement/'","time":{"start":1690386413564,"stop":1690386414260,"duration":696},"status":"passed","steps":[],"attachments":[],"parameters":[{"name":"url","value":"'https://games.alpha.g-spot.website/api/v1/core/system_requirement/'"},{"name":"data","value":"None"},{"name":"json","value":"{'operatingSystem': 'WINDOWS', 'deviceProcessor': 'owner', 'deviceStorage': 'alone', 'deviceGraphics': 'laugh', 'typeRequirements': 'RECOMMEND'}"},{"name":"params","value":"None"},{"name":"headers","value":"None"},{"name":"cookies","value":"None"},{"name":"auth","value":"('tester', 'tester')"}],"stepsCount":0,"attachmentsCount":0,"shouldDisplayMessage":false,"hasContent":true}],"attachments":[],"parameters":[{"name":"json","value":"{'operatingSystem': 'WINDOWS', 'deviceProcessor': 'owner', 'deviceStorage': 'alone', 'deviceGraphics': 'laugh', 'typeRequirements': 'RECOMMEND'}"},{"name":"auth","value":"('tester', 'tester')"}],"stepsCount":1,"attachmentsCount":0,"shouldDisplayMessage":false,"hasContent":true},{"name":"Assertion of a status code","time":{"start":1690386414260,"stop":1690386414260,"duration":0},"status":"failed","statusMessage":"AssertionError: Status code is different than expected.\nExpected: 201\nActual: 400\n\n","statusTrace":"  File \"/usr/local/lib/python3.11/site-packages/allure_commons/_allure.py\", line 192, in impl\n    return func(*a, **kw)\n           ^^^^^^^^^^^^^^\n  File \"/usr/project/source/base/validator.py\", line 43, in assert_status_code\n    assert self.status_code == expected, f'{GlobalError.WRONG_STATUS_CODE}.\\n' \\\n           ^^^^^^^^^^^^^^^^^^^^^^^^^^^^\n","steps":[],"attachments":[],"parameters":[{"name":"expected","value":"201"}],"stepsCount":0,"attachmentsCount":0,"shouldDisplayMessage":true,"hasContent":true}],"attachments":[],"parameters":[],"stepsCount":4,"attachmentsCount":0,"shouldDisplayMessage":true,"hasContent":true},"afterStages":[],"labels":[{"name":"feature","value":"Core"},{"name":"epic","value":"Games"},{"name":"story","value":"System requirement"},{"name":"suite","value":"Test post system requirement"},{"name":"tag","value":"@pytest.mark.xfail(reason='System requirements cannot be created')"},{"name":"tag","value":"smoke"},{"name":"parentSuite","value":"tests.games.core.system_requirement"},{"name":"subSuite","value":"TestSystemRequirementCreate"},{"name":"host","value":"c9a53eb943b0"},{"name":"thread","value":"1-MainThread"},{"name":"framework","value":"pytest"},{"name":"language","value":"cpython3"},{"name":"package","value":"tests.games.core.system_requirement.test_post_system_requirement"},{"name":"resultFormat","value":"allure2"}],"parameters":[],"links":[],"hidden":false,"retry":false,"extra":{"severity":"normal","retries":[],"categories":[],"history":{"statistic":{"failed":2,"broken":0,"skipped":7,"passed":0,"unknown":0,"total":9},"items":[{"uid":"c3ba21a9cdbc3e75","reportUrl":"https://karbolinivan.github.io/GSPOTbackendtest/6//#testresult/c3ba21a9cdbc3e75","status":"skipped","statusDetails":"XFAIL System requirements cannot be created\n\nAssertionError: Status code is different than expected.\nExpected: 201\nActual: 400","time":{"start":1690385883832,"stop":1690385884715,"duration":883}},{"uid":"21332f68fb9515ba","reportUrl":"https://karbolinivan.github.io/GSPOTbackendtest/2//#testresult/21332f68fb9515ba","status":"skipped","statusDetails":"XFAIL System requirements cannot be created\n\nAssertionError: Status code is different than expected.\nExpected: 201\nActual: 400","time":{"start":1690220860659,"stop":1690220861616,"duration":957}},{"uid":"bf98df00ea50e40","reportUrl":"https://karbolinivan.github.io/GSPOTbackendtest/5//#testresult/bf98df00ea50e40","status":"skipped","statusDetails":"XFAIL System requirements cannot be created\n\nAssertionError: Status code is different than expected.\nExpected: 201\nActual: 400","time":{"start":1690216816258,"stop":1690216817145,"duration":887}},{"uid":"e791bc4804cc43bc","reportUrl":"https://karbolinivan.github.io/GSPOTbackendtest/1//#testresult/e791bc4804cc43bc","status":"skipped","statusDetails":"XFAIL System requirements cannot be created\n\nAssertionError: Status code is different than expected.\nExpected: 201\nActual: 400","time":{"start":1690128749342,"stop":1690128750400,"duration":1058}},{"uid":"7a8540a4e99b9375","reportUrl":"https://karbolinivan.github.io/GSPOTbackendtest/2//#testresult/7a8540a4e99b9375","status":"skipped","statusDetails":"XFAIL\n\nAssertionError: Status code is different than expected.\nExpected: 201\nActual: 400","time":{"start":1690043130554,"stop":1690043131500,"duration":946}},{"uid":"dbd2c8caa5d9d621","reportUrl":"https://karbolinivan.github.io/GSPOTbackendtest/2//#testresult/dbd2c8caa5d9d621","status":"skipped","statusDetails":"XFAIL\n\nAssertionError: Status code is different than expected.\nExpected: 201\nActual: 400","time":{"start":1689963389186,"stop":1689963390295,"duration":1109}},{"uid":"547ec9b1108c1180","reportUrl":"https://karbolinivan.github.io/GSPOTbackendtest/1//#testresult/547ec9b1108c1180","status":"failed","statusDetails":"AssertionError: Status code is different than expected.\nExpected: 201\nActual: 400","time":{"start":1689954909540,"stop":1689954910523,"duration":983}},{"uid":"1952c0880d3b94f3","reportUrl":"https://karbolinivan.github.io/GSPOTbackendtest/1//#testresult/1952c0880d3b94f3","status":"failed","statusDetails":"AssertionError: Status code is different than expected.\nExpected: 201\nActual: 400","time":{"start":1689954524838,"stop":1689954525571,"duration":733}}]},"tags":["smoke","@pytest.mark.xfail(reason='System requirements cannot be created')"]},"source":"58973afde31fd1df.json","parameterValues":[]}