{"uid":"a4814091b8cafbe9","name":"TG13-Test system requirement partial update","fullName":"tests.games.core.system_requirement.test_patch_system_requirement.TestSystemRequirementPartialUpdate#test_system_requirement_partial_update","historyId":"a2c8537d7173ae0e7e4bbf8ec7deba72","time":{"start":1690797738805,"stop":1690797738805,"duration":0},"description":"Проверка успешного ответа [200] при частичном обновлении системных требований","descriptionHtml":"<p>Проверка успешного ответа [200] при частичном обновлении системных требований</p>\n","status":"skipped","statusMessage":"XFAIL System requirements cannot be created\n\nAssertionError: Status code is different than expected.\nExpected: 201\nActual: 400","statusTrace":"@pytest.fixture()\n    def create_delete_test_system_requirement():\n        payload = Generator.object(model=SystemRequirement)\n        response = create_system_requirement(json=payload)\n>       assert_status_code(response=response, expected=201)\n\ntests/games/conftest.py:106: \n_ _ _ _ _ _ _ _ _ _ _ _ _ _ _ _ _ _ _ _ _ _ _ _ _ _ _ _ _ _ _ _ _ _ _ _ _ _ _ _ \nsource/base/validator.py:62: in assert_status_code\n    return Assertion(response=response).assert_status_code(expected=expected)\n_ _ _ _ _ _ _ _ _ _ _ _ _ _ _ _ _ _ _ _ _ _ _ _ _ _ _ _ _ _ _ _ _ _ _ _ _ _ _ _ \n\nself = <source.base.validator.Assertion object at 0x7fb4b7cb22d0>\nexpected = 201\n\n    @allure.step('Assertion of a status code')\n    def assert_status_code(self, expected: int):\n>       assert self.status_code == expected, f'{GlobalError.WRONG_STATUS_CODE}.\\n' \\\n                                             f'Expected: {expected}\\n'\\\n                                             f'Actual: {self.status_code}\\n'\nE       AssertionError: Status code is different than expected.\nE       Expected: 201\nE       Actual: 400\n\nsource/base/validator.py:43: AssertionError","flaky":false,"newFailed":false,"newBroken":false,"newPassed":false,"retriesCount":0,"retriesStatusChange":false,"beforeStages":[{"name":"_session_faker","time":{"start":1690797728531,"stop":1690797728654,"duration":123},"status":"passed","steps":[],"attachments":[],"parameters":[],"stepsCount":0,"attachmentsCount":0,"shouldDisplayMessage":false,"hasContent":false},{"name":"create_delete_test_system_requirement","time":{"start":1690797738806,"stop":1690797739625,"duration":819},"status":"failed","statusMessage":"AssertionError: Status code is different than expected.\nExpected: 201\nActual: 400\n\n","statusTrace":"  File \"/usr/local/lib/python3.11/site-packages/pluggy/_callers.py\", line 39, in _multicall\n    res = hook_impl.function(*args)\n          ^^^^^^^^^^^^^^^^^^^^^^^^^\n  File \"/usr/local/lib/python3.11/site-packages/_pytest/fixtures.py\", line 1130, in pytest_fixture_setup\n    result = call_fixture_func(fixturefunc, request, kwargs)\n             ^^^^^^^^^^^^^^^^^^^^^^^^^^^^^^^^^^^^^^^^^^^^^^^\n  File \"/usr/local/lib/python3.11/site-packages/_pytest/fixtures.py\", line 902, in call_fixture_func\n    fixture_result = next(generator)\n                     ^^^^^^^^^^^^^^^\n  File \"/usr/project/tests/games/conftest.py\", line 106, in create_delete_test_system_requirement\n    assert_status_code(response=response, expected=201)\n  File \"/usr/project/source/base/validator.py\", line 62, in assert_status_code\n    return Assertion(response=response).assert_status_code(expected=expected)\n           ^^^^^^^^^^^^^^^^^^^^^^^^^^^^^^^^^^^^^^^^^^^^^^^^^^^^^^^^^^^^^^^^^^\n  File \"/usr/local/lib/python3.11/site-packages/allure_commons/_allure.py\", line 192, in impl\n    return func(*a, **kw)\n           ^^^^^^^^^^^^^^\n  File \"/usr/project/source/base/validator.py\", line 43, in assert_status_code\n    assert self.status_code == expected, f'{GlobalError.WRONG_STATUS_CODE}.\\n' \\\n           ^^^^^^^^^^^^^^^^^^^^^^^^^^^^\n","steps":[{"name":"Generating data based on json model <class 'source.schemas.games.system_requirement.SystemRequirement'>","time":{"start":1690797738807,"stop":1690797738828,"duration":21},"status":"passed","steps":[],"attachments":[],"parameters":[{"name":"model","value":"<class 'source.schemas.games.system_requirement.SystemRequirement'>"},{"name":"lang","value":"None"},{"name":"seed","value":"None"},{"name":"include","value":"None"},{"name":"exclude","value":"None"}],"stepsCount":0,"attachmentsCount":0,"shouldDisplayMessage":false,"hasContent":true},{"name":"Create a system requirement","time":{"start":1690797738828,"stop":1690797739624,"duration":796},"status":"passed","steps":[{"name":"POST request to:\n'https://games.alpha.g-spot.website/api/v1/core/system_requirement/'","time":{"start":1690797738828,"stop":1690797739624,"duration":796},"status":"passed","steps":[],"attachments":[{"uid":"4ad4c931e9c1c4d7","name":"Logs","source":"4ad4c931e9c1c4d7.txt","type":"text/plain","size":874}],"parameters":[{"name":"url","value":"'https://games.alpha.g-spot.website/api/v1/core/system_requirement/'"},{"name":"data","value":"None"},{"name":"json","value":"{'operatingSystem': 'WINDOWS', 'deviceProcessor': 'stay', 'deviceStorage': 'month', 'deviceGraphics': 'hundred', 'typeRequirements': 'RECOMMEND'}"},{"name":"params","value":"None"},{"name":"headers","value":"None"},{"name":"cookies","value":"None"},{"name":"auth","value":"('tester', 'tester')"}],"stepsCount":0,"attachmentsCount":1,"shouldDisplayMessage":false,"hasContent":true}],"attachments":[],"parameters":[{"name":"json","value":"{'operatingSystem': 'WINDOWS', 'deviceProcessor': 'stay', 'deviceStorage': 'month', 'deviceGraphics': 'hundred', 'typeRequirements': 'RECOMMEND'}"},{"name":"auth","value":"('tester', 'tester')"}],"stepsCount":1,"attachmentsCount":1,"shouldDisplayMessage":false,"hasContent":true},{"name":"Assertion of a status code","time":{"start":1690797739624,"stop":1690797739624,"duration":0},"status":"failed","statusMessage":"AssertionError: Status code is different than expected.\nExpected: 201\nActual: 400\n\n","statusTrace":"  File \"/usr/local/lib/python3.11/site-packages/allure_commons/_allure.py\", line 192, in impl\n    return func(*a, **kw)\n           ^^^^^^^^^^^^^^\n  File \"/usr/project/source/base/validator.py\", line 43, in assert_status_code\n    assert self.status_code == expected, f'{GlobalError.WRONG_STATUS_CODE}.\\n' \\\n           ^^^^^^^^^^^^^^^^^^^^^^^^^^^^\n","steps":[],"attachments":[],"parameters":[{"name":"expected","value":"201"}],"stepsCount":0,"attachmentsCount":0,"shouldDisplayMessage":true,"hasContent":true}],"attachments":[],"parameters":[],"stepsCount":4,"attachmentsCount":1,"shouldDisplayMessage":false,"hasContent":true}],"afterStages":[],"labels":[{"name":"suite","value":"Test patch system requirement"},{"name":"story","value":"System requirement"},{"name":"feature","value":"Core"},{"name":"epic","value":"Games"},{"name":"tag","value":"@pytest.mark.xfail(reason='System requirements cannot be created')"},{"name":"tag","value":"smoke"},{"name":"parentSuite","value":"tests.games.core.system_requirement"},{"name":"subSuite","value":"TestSystemRequirementPartialUpdate"},{"name":"host","value":"24f5e339737e"},{"name":"thread","value":"1-MainThread"},{"name":"framework","value":"pytest"},{"name":"language","value":"cpython3"},{"name":"package","value":"tests.games.core.system_requirement.test_patch_system_requirement"},{"name":"resultFormat","value":"allure2"}],"parameters":[],"links":[{"name":"core_system_requirement_{id}_patch","url":"https://github.com/victoretc/GSPOTtestingdocumentation/blob/main/games/core/core_system_requirement_%7Bid%7D_patch.md","type":"tms"}],"hidden":false,"retry":false,"extra":{"severity":"normal","retries":[],"categories":[],"history":{"statistic":{"failed":0,"broken":0,"skipped":3,"passed":0,"unknown":0,"total":3},"items":[{"uid":"798a6346576c0618","reportUrl":"https://karbolinivan.github.io/GSPOTbackendtest/12//#testresult/798a6346576c0618","status":"skipped","statusDetails":"XFAIL System requirements cannot be created\n\nAssertionError: Status code is different than expected.\nExpected: 201\nActual: 400","time":{"start":1690751598457,"stop":1690751598457,"duration":0}},{"uid":"40daf5c8890615d6","reportUrl":"https://karbolinivan.github.io/GSPOTbackendtest/11//#testresult/40daf5c8890615d6","status":"skipped","statusDetails":"XFAIL System requirements cannot be created\n\nAssertionError: Status code is different than expected.\nExpected: 201\nActual: 400","time":{"start":1690660377278,"stop":1690660377278,"duration":0}}]},"tags":["smoke","@pytest.mark.xfail(reason='System requirements cannot be created')"]},"source":"a4814091b8cafbe9.json","parameterValues":[]}