{"uid":"3b67c263a9b28836","name":"TG12-Test system requirement read","fullName":"tests.games.core.system_requirement.test_get_system_requirement.TestSystemRequirement#test_system_requirement_read","historyId":"a09496d405aebab680a5fe8eb32129c8","time":{"start":1693992837202,"stop":1693992837202,"duration":0},"description":"Проверка успешного ответа [200] при запросе системных требований по ID.","descriptionHtml":"<p>Проверка успешного ответа [200] при запросе системных требований по ID.</p>\n","status":"skipped","statusMessage":"XFAIL System requirements cannot be created\n\nAssertionError: Status code is different than expected.\nActual: 400\nExpected: 201","statusTrace":"@pytest.fixture()\n    def create_delete_test_system_requirement():\n        payload = Generator.object(model=SystemRequirement)\n        response = system_requirements.create(json=payload)\n>       assertions.status_code(actual=response.status_code, expected=HTTPStatus.CREATED)\n\ntests/games/conftest.py:108: \n_ _ _ _ _ _ _ _ _ _ _ _ _ _ _ _ _ _ _ _ _ _ _ _ _ _ _ _ _ _ _ _ _ _ _ _ _ _ _ _ \n\nactual = 400, expected = <HTTPStatus.CREATED: 201>\n\n    @staticmethod\n    @allure.step('Assertion of a status code')\n    def status_code(actual, expected):\n>       assert actual == expected, f'{GlobalError.WRONG_STATUS_CODE}.\\n' \\\n                                   f'Actual: {actual}\\n' \\\n                                   f'Expected: {expected}'\nE       AssertionError: Status code is different than expected.\nE       Actual: 400\nE       Expected: 201\n\nsource/base/validator.py:94: AssertionError","flaky":false,"newFailed":false,"newBroken":false,"newPassed":false,"retriesCount":0,"retriesStatusChange":false,"beforeStages":[{"name":"_session_faker","time":{"start":1693992832804,"stop":1693992832932,"duration":128},"status":"passed","steps":[],"attachments":[],"parameters":[],"shouldDisplayMessage":false,"stepsCount":0,"attachmentsCount":0,"hasContent":false},{"name":"create_delete_test_system_requirement","time":{"start":1693992837203,"stop":1693992838150,"duration":947},"status":"failed","statusMessage":"AssertionError: Status code is different than expected.\nActual: 400\nExpected: 201\n","statusTrace":"  File \"/usr/local/lib/python3.11/site-packages/pluggy/_callers.py\", line 39, in _multicall\n    res = hook_impl.function(*args)\n          ^^^^^^^^^^^^^^^^^^^^^^^^^\n  File \"/usr/local/lib/python3.11/site-packages/_pytest/fixtures.py\", line 1130, in pytest_fixture_setup\n    result = call_fixture_func(fixturefunc, request, kwargs)\n             ^^^^^^^^^^^^^^^^^^^^^^^^^^^^^^^^^^^^^^^^^^^^^^^\n  File \"/usr/local/lib/python3.11/site-packages/_pytest/fixtures.py\", line 902, in call_fixture_func\n    fixture_result = next(generator)\n                     ^^^^^^^^^^^^^^^\n  File \"/usr/project/tests/games/conftest.py\", line 108, in create_delete_test_system_requirement\n    assertions.status_code(actual=response.status_code, expected=HTTPStatus.CREATED)\n  File \"/usr/local/lib/python3.11/site-packages/allure_commons/_allure.py\", line 192, in impl\n    return func(*a, **kw)\n           ^^^^^^^^^^^^^^\n  File \"/usr/project/source/base/validator.py\", line 94, in status_code\n    assert actual == expected, f'{GlobalError.WRONG_STATUS_CODE}.\\n' \\\n           ^^^^^^^^^^^^^^^^^^\n","steps":[{"name":"Generating data based on json model <class 'source.schemas.games.system_requirement.SystemRequirement'>","time":{"start":1693992837203,"stop":1693992837221,"duration":18},"status":"passed","steps":[],"attachments":[],"parameters":[{"name":"model","value":"<class 'source.schemas.games.system_requirement.SystemRequirement'>"},{"name":"lang","value":"None"},{"name":"seed","value":"None"},{"name":"include","value":"None"},{"name":"exclude","value":"None"}],"shouldDisplayMessage":false,"stepsCount":0,"attachmentsCount":0,"hasContent":true},{"name":"Create a system requirement","time":{"start":1693992837221,"stop":1693992838149,"duration":928},"status":"passed","steps":[{"name":"POST request to:\n'https://games.alpha.g-spot.website/api/v1/core/system_requirement/'","time":{"start":1693992837221,"stop":1693992838149,"duration":928},"status":"passed","steps":[],"attachments":[{"uid":"6c3eca3ac0da44b2","name":"Logs","source":"6c3eca3ac0da44b2.txt","type":"text/plain","size":878}],"parameters":[{"name":"url","value":"'https://games.alpha.g-spot.website/api/v1/core/system_requirement/'"},{"name":"data","value":"None"},{"name":"json","value":"{'operatingSystem': 'WINDOWS', 'deviceProcessor': 'support', 'deviceStorage': 'second', 'deviceGraphics': 'ability', 'typeRequirements': 'RECOMMEND'}"},{"name":"params","value":"None"},{"name":"headers","value":"None"},{"name":"cookies","value":"None"},{"name":"auth","value":"('tester', 'tester')"}],"shouldDisplayMessage":false,"stepsCount":0,"attachmentsCount":1,"hasContent":true}],"attachments":[],"parameters":[{"name":"json","value":"{'operatingSystem': 'WINDOWS', 'deviceProcessor': 'support', 'deviceStorage': 'second', 'deviceGraphics': 'ability', 'typeRequirements': 'RECOMMEND'}"}],"shouldDisplayMessage":false,"stepsCount":1,"attachmentsCount":1,"hasContent":true},{"name":"Assertion of a status code","time":{"start":1693992838149,"stop":1693992838149,"duration":0},"status":"failed","statusMessage":"AssertionError: Status code is different than expected.\nActual: 400\nExpected: 201\n","statusTrace":"  File \"/usr/local/lib/python3.11/site-packages/allure_commons/_allure.py\", line 192, in impl\n    return func(*a, **kw)\n           ^^^^^^^^^^^^^^\n  File \"/usr/project/source/base/validator.py\", line 94, in status_code\n    assert actual == expected, f'{GlobalError.WRONG_STATUS_CODE}.\\n' \\\n           ^^^^^^^^^^^^^^^^^^\n","steps":[],"attachments":[],"parameters":[{"name":"actual","value":"400"},{"name":"expected","value":"<HTTPStatus.CREATED: 201>"}],"shouldDisplayMessage":true,"stepsCount":0,"attachmentsCount":0,"hasContent":true}],"attachments":[],"parameters":[],"shouldDisplayMessage":false,"stepsCount":4,"attachmentsCount":1,"hasContent":true}],"afterStages":[],"labels":[{"name":"feature","value":"Core"},{"name":"story","value":"System requirement"},{"name":"epic","value":"Games"},{"name":"suite","value":"Test get system requirement"},{"name":"tag","value":"@pytest.mark.xfail(reason='System requirements cannot be created')"},{"name":"tag","value":"smoke"},{"name":"parentSuite","value":"tests.games.core.system_requirement"},{"name":"subSuite","value":"TestSystemRequirement"},{"name":"host","value":"60fae6116bee"},{"name":"thread","value":"1-MainThread"},{"name":"framework","value":"pytest"},{"name":"language","value":"cpython3"},{"name":"package","value":"tests.games.core.system_requirement.test_get_system_requirement"},{"name":"resultFormat","value":"allure2"}],"parameters":[],"links":[{"name":"core_system_requirement_{id}_get","url":"https://github.com/victoretc/GSPOTtestingdocumentation/blob/main/games/core/core_system_requirement_%7Bid%7D_get.md","type":"tms"}],"hidden":false,"retry":false,"extra":{"severity":"normal","retries":[],"categories":[],"history":{"statistic":{"failed":0,"broken":0,"skipped":12,"passed":0,"unknown":0,"total":12},"items":[{"uid":"7e57a550e0e56666","reportUrl":"https://karbolinivan.github.io/GSPOTbackendtest/23//#testresult/7e57a550e0e56666","status":"skipped","statusDetails":"XFAIL System requirements cannot be created\n\nAssertionError: Status code is different than expected.\nActual: 400\nExpected: 201","time":{"start":1693821739890,"stop":1693821739890,"duration":0}},{"uid":"ded21a3c8625f1b5","reportUrl":"https://karbolinivan.github.io/GSPOTbackendtest/22//#testresult/ded21a3c8625f1b5","status":"skipped","statusDetails":"XFAIL System requirements cannot be created\n\nAssertionError: Status code is different than expected.\nActual: 400\nExpected: 201","time":{"start":1693216910047,"stop":1693216910047,"duration":0}},{"uid":"9534447b4837c1a0","reportUrl":"https://karbolinivan.github.io/GSPOTbackendtest/21//#testresult/9534447b4837c1a0","status":"skipped","statusDetails":"XFAIL System requirements cannot be created\n\nAssertionError: Status code is different than expected.\nActual: 400\nExpected: 201","time":{"start":1692895727189,"stop":1692895727189,"duration":0}},{"uid":"d8226f0e328fe6d7","reportUrl":"https://karbolinivan.github.io/GSPOTbackendtest/20//#testresult/d8226f0e328fe6d7","status":"skipped","statusDetails":"XFAIL System requirements cannot be created\n\nAssertionError: Status code is different than expected.\nActual: 400\nExpected: 201","time":{"start":1692612120004,"stop":1692612120004,"duration":0}},{"uid":"a7d7c7d091b77e94","reportUrl":"https://karbolinivan.github.io/GSPOTbackendtest/19//#testresult/a7d7c7d091b77e94","status":"skipped","statusDetails":"XFAIL System requirements cannot be created\n\nAssertionError: Status code is different than expected.\nActual: 400\nExpected: 201","time":{"start":1692358945628,"stop":1692358945628,"duration":0}},{"uid":"4ef3df29407bc313","reportUrl":"https://karbolinivan.github.io/GSPOTbackendtest/16//#testresult/4ef3df29407bc313","status":"skipped","statusDetails":"XFAIL System requirements cannot be created\n\nAssertionError: Status code is different than expected.\nExpected: 201\nActual: 400","time":{"start":1691402513936,"stop":1691402513936,"duration":0}},{"uid":"b5525626c99216b","reportUrl":"https://karbolinivan.github.io/GSPOTbackendtest/15//#testresult/b5525626c99216b","status":"skipped","statusDetails":"XFAIL System requirements cannot be created\n\nAssertionError: Status code is different than expected.\nExpected: 201\nActual: 400","time":{"start":1691153228422,"stop":1691153228422,"duration":0}},{"uid":"dcd3263f82c9df27","reportUrl":"https://karbolinivan.github.io/GSPOTbackendtest/14//#testresult/dcd3263f82c9df27","status":"skipped","statusDetails":"XFAIL System requirements cannot be created\n\nAssertionError: Status code is different than expected.\nExpected: 201\nActual: 400","time":{"start":1690906755011,"stop":1690906755011,"duration":0}},{"uid":"18f8196358791f88","reportUrl":"https://karbolinivan.github.io/GSPOTbackendtest/13//#testresult/18f8196358791f88","status":"skipped","statusDetails":"XFAIL System requirements cannot be created\n\nAssertionError: Status code is different than expected.\nExpected: 201\nActual: 400","time":{"start":1690797737942,"stop":1690797737942,"duration":0}},{"uid":"46984377fa9406ce","reportUrl":"https://karbolinivan.github.io/GSPOTbackendtest/12//#testresult/46984377fa9406ce","status":"skipped","statusDetails":"XFAIL System requirements cannot be created\n\nAssertionError: Status code is different than expected.\nExpected: 201\nActual: 400","time":{"start":1690751597390,"stop":1690751597390,"duration":0}},{"uid":"f9bf5ddd86928baa","reportUrl":"https://karbolinivan.github.io/GSPOTbackendtest/11//#testresult/f9bf5ddd86928baa","status":"skipped","statusDetails":"XFAIL System requirements cannot be created\n\nAssertionError: Status code is different than expected.\nExpected: 201\nActual: 400","time":{"start":1690660376465,"stop":1690660376465,"duration":0}}]},"tags":["smoke","@pytest.mark.xfail(reason='System requirements cannot be created')"]},"source":"3b67c263a9b28836.json","parameterValues":[]}