{"uid":"4bf8ea6c1ea69b61","name":"TG10-Test system requirement create","fullName":"tests.games.core.system_requirement.test_post_system_requirement.TestSystemRequirementCreate#test_system_requirement_create","historyId":"5d84eb76452dcea4bc8f13df63b167e9","time":{"start":1693821742215,"stop":1693821743568,"duration":1353},"description":"Проверка успешного ответа [201] при создании системных требований","descriptionHtml":"<p>Проверка успешного ответа [201] при создании системных требований</p>\n","status":"skipped","statusMessage":"XFAIL System requirements cannot be created\n\nAssertionError: Status code is different than expected.\nActual: 400\nExpected: 201","statusTrace":"self = <tests.games.core.system_requirement.test_post_system_requirement.TestSystemRequirementCreate object at 0x7f10a6a5b090>\n\n    @allure.title(f'{Cases.GAMES[\"TG10\"][\"id\"]}-Test system requirement create')\n    @allure.description('Проверка успешного ответа [201] при создании системных требований')\n    @allure.testcase(name=Cases.GAMES[\"TG10\"][\"name\"], url=Cases.GAMES[\"TG10\"][\"link\"])\n    def test_system_requirement_create(self):\n        payload = Generator.object(model=SystemRequirement, seed=10)\n        response = system_requirements.create(json=payload)\n    \n        payload['id'] = response.json().get('id')\n    \n>       assertions.status_code(actual=response.status_code, expected=HTTPStatus.CREATED)\n\ntests/games/core/system_requirement/test_post_system_requirement.py:29: \n_ _ _ _ _ _ _ _ _ _ _ _ _ _ _ _ _ _ _ _ _ _ _ _ _ _ _ _ _ _ _ _ _ _ _ _ _ _ _ _ \n\nactual = 400, expected = <HTTPStatus.CREATED: 201>\n\n    @staticmethod\n    @allure.step('Assertion of a status code')\n    def status_code(actual, expected):\n>       assert actual == expected, f'{GlobalError.WRONG_STATUS_CODE}.\\n' \\\n                                   f'Actual: {actual}\\n' \\\n                                   f'Expected: {expected}'\nE       AssertionError: Status code is different than expected.\nE       Actual: 400\nE       Expected: 201\n\nsource/base/validator.py:94: AssertionError","flaky":false,"newFailed":false,"newBroken":false,"newPassed":false,"retriesCount":0,"retriesStatusChange":false,"beforeStages":[{"name":"_session_faker","time":{"start":1693821734728,"stop":1693821734853,"duration":125},"status":"passed","steps":[],"attachments":[],"parameters":[],"shouldDisplayMessage":false,"stepsCount":0,"attachmentsCount":0,"hasContent":false}],"testStage":{"description":"Проверка успешного ответа [201] при создании системных требований","status":"skipped","statusMessage":"XFAIL System requirements cannot be created\n\nAssertionError: Status code is different than expected.\nActual: 400\nExpected: 201","statusTrace":"self = <tests.games.core.system_requirement.test_post_system_requirement.TestSystemRequirementCreate object at 0x7f10a6a5b090>\n\n    @allure.title(f'{Cases.GAMES[\"TG10\"][\"id\"]}-Test system requirement create')\n    @allure.description('Проверка успешного ответа [201] при создании системных требований')\n    @allure.testcase(name=Cases.GAMES[\"TG10\"][\"name\"], url=Cases.GAMES[\"TG10\"][\"link\"])\n    def test_system_requirement_create(self):\n        payload = Generator.object(model=SystemRequirement, seed=10)\n        response = system_requirements.create(json=payload)\n    \n        payload['id'] = response.json().get('id')\n    \n>       assertions.status_code(actual=response.status_code, expected=HTTPStatus.CREATED)\n\ntests/games/core/system_requirement/test_post_system_requirement.py:29: \n_ _ _ _ _ _ _ _ _ _ _ _ _ _ _ _ _ _ _ _ _ _ _ _ _ _ _ _ _ _ _ _ _ _ _ _ _ _ _ _ \n\nactual = 400, expected = <HTTPStatus.CREATED: 201>\n\n    @staticmethod\n    @allure.step('Assertion of a status code')\n    def status_code(actual, expected):\n>       assert actual == expected, f'{GlobalError.WRONG_STATUS_CODE}.\\n' \\\n                                   f'Actual: {actual}\\n' \\\n                                   f'Expected: {expected}'\nE       AssertionError: Status code is different than expected.\nE       Actual: 400\nE       Expected: 201\n\nsource/base/validator.py:94: AssertionError","steps":[{"name":"Generating data based on json model <class 'source.schemas.games.system_requirement.SystemRequirement'>","time":{"start":1693821742215,"stop":1693821742242,"duration":27},"status":"passed","steps":[],"attachments":[],"parameters":[{"name":"model","value":"<class 'source.schemas.games.system_requirement.SystemRequirement'>"},{"name":"lang","value":"None"},{"name":"seed","value":"10"},{"name":"include","value":"None"},{"name":"exclude","value":"None"}],"shouldDisplayMessage":false,"stepsCount":0,"attachmentsCount":0,"hasContent":true},{"name":"Create a system requirement","time":{"start":1693821742242,"stop":1693821743567,"duration":1325},"status":"passed","steps":[{"name":"POST request to:\n'https://games.alpha.g-spot.website/api/v1/core/system_requirement/'","time":{"start":1693821742242,"stop":1693821743567,"duration":1325},"status":"passed","steps":[],"attachments":[{"uid":"86906b9b03b10699","name":"Logs","source":"86906b9b03b10699.txt","type":"text/plain","size":873}],"parameters":[{"name":"url","value":"'https://games.alpha.g-spot.website/api/v1/core/system_requirement/'"},{"name":"data","value":"None"},{"name":"json","value":"{'operatingSystem': 'WINDOWS', 'deviceProcessor': 'owner', 'deviceStorage': 'alone', 'deviceGraphics': 'laugh', 'typeRequirements': 'RECOMMEND'}"},{"name":"params","value":"None"},{"name":"headers","value":"None"},{"name":"cookies","value":"None"},{"name":"auth","value":"('tester', 'tester')"}],"shouldDisplayMessage":false,"stepsCount":0,"attachmentsCount":1,"hasContent":true}],"attachments":[],"parameters":[{"name":"json","value":"{'operatingSystem': 'WINDOWS', 'deviceProcessor': 'owner', 'deviceStorage': 'alone', 'deviceGraphics': 'laugh', 'typeRequirements': 'RECOMMEND'}"}],"shouldDisplayMessage":false,"stepsCount":1,"attachmentsCount":1,"hasContent":true},{"name":"Assertion of a status code","time":{"start":1693821743567,"stop":1693821743567,"duration":0},"status":"failed","statusMessage":"AssertionError: Status code is different than expected.\nActual: 400\nExpected: 201\n","statusTrace":"  File \"/usr/local/lib/python3.11/site-packages/allure_commons/_allure.py\", line 192, in impl\n    return func(*a, **kw)\n           ^^^^^^^^^^^^^^\n  File \"/usr/project/source/base/validator.py\", line 94, in status_code\n    assert actual == expected, f'{GlobalError.WRONG_STATUS_CODE}.\\n' \\\n           ^^^^^^^^^^^^^^^^^^\n","steps":[],"attachments":[],"parameters":[{"name":"actual","value":"400"},{"name":"expected","value":"<HTTPStatus.CREATED: 201>"}],"shouldDisplayMessage":true,"stepsCount":0,"attachmentsCount":0,"hasContent":true}],"attachments":[],"parameters":[],"shouldDisplayMessage":true,"stepsCount":4,"attachmentsCount":1,"hasContent":true},"afterStages":[],"labels":[{"name":"feature","value":"Core"},{"name":"epic","value":"Games"},{"name":"story","value":"System requirement"},{"name":"suite","value":"Test post system requirement"},{"name":"tag","value":"@pytest.mark.xfail(reason='System requirements cannot be created')"},{"name":"tag","value":"smoke"},{"name":"parentSuite","value":"tests.games.core.system_requirement"},{"name":"subSuite","value":"TestSystemRequirementCreate"},{"name":"host","value":"21aedc7e375f"},{"name":"thread","value":"1-MainThread"},{"name":"framework","value":"pytest"},{"name":"language","value":"cpython3"},{"name":"package","value":"tests.games.core.system_requirement.test_post_system_requirement"},{"name":"resultFormat","value":"allure2"}],"parameters":[],"links":[{"name":"core_system_requirement_post","url":"https://github.com/victoretc/GSPOTtestingdocumentation/blob/main/games/core/core_system_requirement_post.md","type":"tms"}],"hidden":false,"retry":false,"extra":{"severity":"normal","retries":[],"categories":[],"history":{"statistic":{"failed":0,"broken":0,"skipped":11,"passed":0,"unknown":0,"total":11},"items":[{"uid":"c77a9e0d6484fc13","reportUrl":"https://karbolinivan.github.io/GSPOTbackendtest/22//#testresult/c77a9e0d6484fc13","status":"skipped","statusDetails":"XFAIL System requirements cannot be created\n\nAssertionError: Status code is different than expected.\nActual: 400\nExpected: 201","time":{"start":1693216911628,"stop":1693216912399,"duration":771}},{"uid":"4f59f0496fe07f48","reportUrl":"https://karbolinivan.github.io/GSPOTbackendtest/21//#testresult/4f59f0496fe07f48","status":"skipped","statusDetails":"XFAIL System requirements cannot be created\n\nAssertionError: Status code is different than expected.\nActual: 400\nExpected: 201","time":{"start":1692895728838,"stop":1692895729563,"duration":725}},{"uid":"2909a5469a443b34","reportUrl":"https://karbolinivan.github.io/GSPOTbackendtest/20//#testresult/2909a5469a443b34","status":"skipped","statusDetails":"XFAIL System requirements cannot be created\n\nAssertionError: Status code is different than expected.\nActual: 400\nExpected: 201","time":{"start":1692612123113,"stop":1692612124175,"duration":1062}},{"uid":"625584fa99e0435f","reportUrl":"https://karbolinivan.github.io/GSPOTbackendtest/19//#testresult/625584fa99e0435f","status":"skipped","statusDetails":"XFAIL System requirements cannot be created\n\nAssertionError: Status code is different than expected.\nActual: 400\nExpected: 201","time":{"start":1692358947457,"stop":1692358948380,"duration":923}},{"uid":"b6efc684e22b2323","reportUrl":"https://karbolinivan.github.io/GSPOTbackendtest/16//#testresult/b6efc684e22b2323","status":"skipped","statusDetails":"XFAIL System requirements cannot be created\n\nAssertionError: Status code is different than expected.\nExpected: 201\nActual: 400","time":{"start":1691402515840,"stop":1691402516812,"duration":972}},{"uid":"c2a3b08f8648d798","reportUrl":"https://karbolinivan.github.io/GSPOTbackendtest/15//#testresult/c2a3b08f8648d798","status":"skipped","statusDetails":"XFAIL System requirements cannot be created\n\nAssertionError: Status code is different than expected.\nExpected: 201\nActual: 400","time":{"start":1691153230020,"stop":1691153230896,"duration":876}},{"uid":"ad6f88a83f7925b5","reportUrl":"https://karbolinivan.github.io/GSPOTbackendtest/14//#testresult/ad6f88a83f7925b5","status":"skipped","statusDetails":"XFAIL System requirements cannot be created\n\nAssertionError: Status code is different than expected.\nExpected: 201\nActual: 400","time":{"start":1690906756581,"stop":1690906757567,"duration":986}},{"uid":"34eb48aca248a048","reportUrl":"https://karbolinivan.github.io/GSPOTbackendtest/13//#testresult/34eb48aca248a048","status":"skipped","statusDetails":"XFAIL System requirements cannot be created\n\nAssertionError: Status code is different than expected.\nExpected: 201\nActual: 400","time":{"start":1690797739638,"stop":1690797740529,"duration":891}},{"uid":"5c3451daf0873553","reportUrl":"https://karbolinivan.github.io/GSPOTbackendtest/12//#testresult/5c3451daf0873553","status":"skipped","statusDetails":"XFAIL System requirements cannot be created\n\nAssertionError: Status code is different than expected.\nExpected: 201\nActual: 400","time":{"start":1690751599607,"stop":1690751600626,"duration":1019}},{"uid":"4fea370880620bee","reportUrl":"https://karbolinivan.github.io/GSPOTbackendtest/11//#testresult/4fea370880620bee","status":"skipped","statusDetails":"XFAIL System requirements cannot be created\n\nAssertionError: Status code is different than expected.\nExpected: 201\nActual: 400","time":{"start":1690660378217,"stop":1690660378947,"duration":730}}]},"tags":["smoke","@pytest.mark.xfail(reason='System requirements cannot be created')"]},"source":"4bf8ea6c1ea69b61.json","parameterValues":[]}