{"uid":"bf947a6d11c23052","name":"TG14-Test system requirement update","fullName":"tests.games.core.system_requirement.test_put_system_requirement.TestSystemRequirementUpdate#test_system_requirement_update","historyId":"b40f9052bcf5cade583b45b8ae8c61ad","time":{"start":1693821743575,"stop":1693821743575,"duration":0},"description":"Проверка успешного ответа [201] при обновлении системных требований","descriptionHtml":"<p>Проверка успешного ответа [201] при обновлении системных требований</p>\n","status":"skipped","statusMessage":"XFAIL System requirements cannot be created\n\nAssertionError: Status code is different than expected.\nActual: 400\nExpected: 201","statusTrace":"@pytest.fixture()\n    def create_delete_test_system_requirement():\n        payload = Generator.object(model=SystemRequirement)\n        response = system_requirements.create(json=payload)\n>       assertions.status_code(actual=response.status_code, expected=HTTPStatus.CREATED)\n\ntests/games/conftest.py:108: \n_ _ _ _ _ _ _ _ _ _ _ _ _ _ _ _ _ _ _ _ _ _ _ _ _ _ _ _ _ _ _ _ _ _ _ _ _ _ _ _ \n\nactual = 400, expected = <HTTPStatus.CREATED: 201>\n\n    @staticmethod\n    @allure.step('Assertion of a status code')\n    def status_code(actual, expected):\n>       assert actual == expected, f'{GlobalError.WRONG_STATUS_CODE}.\\n' \\\n                                   f'Actual: {actual}\\n' \\\n                                   f'Expected: {expected}'\nE       AssertionError: Status code is different than expected.\nE       Actual: 400\nE       Expected: 201\n\nsource/base/validator.py:94: AssertionError","flaky":false,"newFailed":false,"newBroken":false,"newPassed":false,"retriesCount":0,"retriesStatusChange":false,"beforeStages":[{"name":"_session_faker","time":{"start":1693821734728,"stop":1693821734853,"duration":125},"status":"passed","steps":[],"attachments":[],"parameters":[],"shouldDisplayMessage":false,"stepsCount":0,"attachmentsCount":0,"hasContent":false},{"name":"create_delete_test_system_requirement","time":{"start":1693821743576,"stop":1693821744790,"duration":1214},"status":"failed","statusMessage":"AssertionError: Status code is different than expected.\nActual: 400\nExpected: 201\n","statusTrace":"  File \"/usr/local/lib/python3.11/site-packages/pluggy/_callers.py\", line 39, in _multicall\n    res = hook_impl.function(*args)\n          ^^^^^^^^^^^^^^^^^^^^^^^^^\n  File \"/usr/local/lib/python3.11/site-packages/_pytest/fixtures.py\", line 1130, in pytest_fixture_setup\n    result = call_fixture_func(fixturefunc, request, kwargs)\n             ^^^^^^^^^^^^^^^^^^^^^^^^^^^^^^^^^^^^^^^^^^^^^^^\n  File \"/usr/local/lib/python3.11/site-packages/_pytest/fixtures.py\", line 902, in call_fixture_func\n    fixture_result = next(generator)\n                     ^^^^^^^^^^^^^^^\n  File \"/usr/project/tests/games/conftest.py\", line 108, in create_delete_test_system_requirement\n    assertions.status_code(actual=response.status_code, expected=HTTPStatus.CREATED)\n  File \"/usr/local/lib/python3.11/site-packages/allure_commons/_allure.py\", line 192, in impl\n    return func(*a, **kw)\n           ^^^^^^^^^^^^^^\n  File \"/usr/project/source/base/validator.py\", line 94, in status_code\n    assert actual == expected, f'{GlobalError.WRONG_STATUS_CODE}.\\n' \\\n           ^^^^^^^^^^^^^^^^^^\n","steps":[{"name":"Generating data based on json model <class 'source.schemas.games.system_requirement.SystemRequirement'>","time":{"start":1693821743576,"stop":1693821743599,"duration":23},"status":"passed","steps":[],"attachments":[],"parameters":[{"name":"model","value":"<class 'source.schemas.games.system_requirement.SystemRequirement'>"},{"name":"lang","value":"None"},{"name":"seed","value":"None"},{"name":"include","value":"None"},{"name":"exclude","value":"None"}],"shouldDisplayMessage":false,"stepsCount":0,"attachmentsCount":0,"hasContent":true},{"name":"Create a system requirement","time":{"start":1693821743599,"stop":1693821744789,"duration":1190},"status":"passed","steps":[{"name":"POST request to:\n'https://games.alpha.g-spot.website/api/v1/core/system_requirement/'","time":{"start":1693821743600,"stop":1693821744789,"duration":1189},"status":"passed","steps":[],"attachments":[{"uid":"4e9caaf4f98f8a4b","name":"Logs","source":"4e9caaf4f98f8a4b.txt","type":"text/plain","size":872}],"parameters":[{"name":"url","value":"'https://games.alpha.g-spot.website/api/v1/core/system_requirement/'"},{"name":"data","value":"None"},{"name":"json","value":"{'operatingSystem': 'WINDOWS', 'deviceProcessor': 'will', 'deviceStorage': 'prevent', 'deviceGraphics': 'ago', 'typeRequirements': 'RECOMMEND'}"},{"name":"params","value":"None"},{"name":"headers","value":"None"},{"name":"cookies","value":"None"},{"name":"auth","value":"('tester', 'tester')"}],"shouldDisplayMessage":false,"stepsCount":0,"attachmentsCount":1,"hasContent":true}],"attachments":[],"parameters":[{"name":"json","value":"{'operatingSystem': 'WINDOWS', 'deviceProcessor': 'will', 'deviceStorage': 'prevent', 'deviceGraphics': 'ago', 'typeRequirements': 'RECOMMEND'}"}],"shouldDisplayMessage":false,"stepsCount":1,"attachmentsCount":1,"hasContent":true},{"name":"Assertion of a status code","time":{"start":1693821744789,"stop":1693821744789,"duration":0},"status":"failed","statusMessage":"AssertionError: Status code is different than expected.\nActual: 400\nExpected: 201\n","statusTrace":"  File \"/usr/local/lib/python3.11/site-packages/allure_commons/_allure.py\", line 192, in impl\n    return func(*a, **kw)\n           ^^^^^^^^^^^^^^\n  File \"/usr/project/source/base/validator.py\", line 94, in status_code\n    assert actual == expected, f'{GlobalError.WRONG_STATUS_CODE}.\\n' \\\n           ^^^^^^^^^^^^^^^^^^\n","steps":[],"attachments":[],"parameters":[{"name":"actual","value":"400"},{"name":"expected","value":"<HTTPStatus.CREATED: 201>"}],"shouldDisplayMessage":true,"stepsCount":0,"attachmentsCount":0,"hasContent":true}],"attachments":[],"parameters":[],"shouldDisplayMessage":false,"stepsCount":4,"attachmentsCount":1,"hasContent":true}],"afterStages":[],"labels":[{"name":"feature","value":"Core"},{"name":"epic","value":"Games"},{"name":"story","value":"System requirement"},{"name":"suite","value":"Test put system requirement"},{"name":"tag","value":"@pytest.mark.xfail(reason='System requirements cannot be created')"},{"name":"tag","value":"smoke"},{"name":"parentSuite","value":"tests.games.core.system_requirement"},{"name":"subSuite","value":"TestSystemRequirementUpdate"},{"name":"host","value":"21aedc7e375f"},{"name":"thread","value":"1-MainThread"},{"name":"framework","value":"pytest"},{"name":"language","value":"cpython3"},{"name":"package","value":"tests.games.core.system_requirement.test_put_system_requirement"},{"name":"resultFormat","value":"allure2"}],"parameters":[],"links":[{"name":"core_system_requirement_{id}_put","url":"https://github.com/victoretc/GSPOTtestingdocumentation/blob/main/games/core/core_system_requirement_%7Bid%7D_put.md","type":"tms"}],"hidden":false,"retry":false,"extra":{"severity":"normal","retries":[],"categories":[],"history":{"statistic":{"failed":0,"broken":0,"skipped":11,"passed":0,"unknown":0,"total":11},"items":[{"uid":"b0194c05ce23bccf","reportUrl":"https://karbolinivan.github.io/GSPOTbackendtest/22//#testresult/b0194c05ce23bccf","status":"skipped","statusDetails":"XFAIL System requirements cannot be created\n\nAssertionError: Status code is different than expected.\nActual: 400\nExpected: 201","time":{"start":1693216912405,"stop":1693216912405,"duration":0}},{"uid":"6fd75072a49bedcc","reportUrl":"https://karbolinivan.github.io/GSPOTbackendtest/21//#testresult/6fd75072a49bedcc","status":"skipped","statusDetails":"XFAIL System requirements cannot be created\n\nAssertionError: Status code is different than expected.\nActual: 400\nExpected: 201","time":{"start":1692895729570,"stop":1692895729570,"duration":0}},{"uid":"94eb3fb1ef9abdb4","reportUrl":"https://karbolinivan.github.io/GSPOTbackendtest/20//#testresult/94eb3fb1ef9abdb4","status":"skipped","statusDetails":"XFAIL System requirements cannot be created\n\nAssertionError: Status code is different than expected.\nActual: 400\nExpected: 201","time":{"start":1692612124183,"stop":1692612124183,"duration":0}},{"uid":"92c0354ab5332460","reportUrl":"https://karbolinivan.github.io/GSPOTbackendtest/19//#testresult/92c0354ab5332460","status":"skipped","statusDetails":"XFAIL System requirements cannot be created\n\nAssertionError: Status code is different than expected.\nActual: 400\nExpected: 201","time":{"start":1692358948385,"stop":1692358948385,"duration":0}},{"uid":"d9a66b46a0dd979c","reportUrl":"https://karbolinivan.github.io/GSPOTbackendtest/16//#testresult/d9a66b46a0dd979c","status":"skipped","statusDetails":"XFAIL System requirements cannot be created\n\nAssertionError: Status code is different than expected.\nExpected: 201\nActual: 400","time":{"start":1691402516820,"stop":1691402516820,"duration":0}},{"uid":"dfb27cba8c928b0b","reportUrl":"https://karbolinivan.github.io/GSPOTbackendtest/15//#testresult/dfb27cba8c928b0b","status":"skipped","statusDetails":"XFAIL System requirements cannot be created\n\nAssertionError: Status code is different than expected.\nExpected: 201\nActual: 400","time":{"start":1691153230901,"stop":1691153230901,"duration":0}},{"uid":"a42a910f5aab5517","reportUrl":"https://karbolinivan.github.io/GSPOTbackendtest/14//#testresult/a42a910f5aab5517","status":"skipped","statusDetails":"XFAIL System requirements cannot be created\n\nAssertionError: Status code is different than expected.\nExpected: 201\nActual: 400","time":{"start":1690906757575,"stop":1690906757575,"duration":0}},{"uid":"fedb13ef06100523","reportUrl":"https://karbolinivan.github.io/GSPOTbackendtest/13//#testresult/fedb13ef06100523","status":"skipped","statusDetails":"XFAIL System requirements cannot be created\n\nAssertionError: Status code is different than expected.\nExpected: 201\nActual: 400","time":{"start":1690797740535,"stop":1690797740535,"duration":0}},{"uid":"3682e473f06ac8c2","reportUrl":"https://karbolinivan.github.io/GSPOTbackendtest/12//#testresult/3682e473f06ac8c2","status":"skipped","statusDetails":"XFAIL System requirements cannot be created\n\nAssertionError: Status code is different than expected.\nExpected: 201\nActual: 400","time":{"start":1690751600632,"stop":1690751600632,"duration":0}},{"uid":"c639f1de1a029282","reportUrl":"https://karbolinivan.github.io/GSPOTbackendtest/11//#testresult/c639f1de1a029282","status":"skipped","statusDetails":"XFAIL System requirements cannot be created\n\nAssertionError: Status code is different than expected.\nExpected: 201\nActual: 400","time":{"start":1690660378952,"stop":1690660378952,"duration":0}}]},"tags":["smoke","@pytest.mark.xfail(reason='System requirements cannot be created')"]},"source":"bf947a6d11c23052.json","parameterValues":[]}