{"uid":"578d9268248aec5b","name":"Test system requirement update","fullName":"tests.games.core.system_requirement.test_put_system_requirement.TestSystemRequirementUpdate#test_system_requirement_update","historyId":"b40f9052bcf5cade583b45b8ae8c61ad","time":{"start":1690220861623,"stop":1690220861623,"duration":0},"description":"Проверка успешного ответа [201] при обновлении системных требований","descriptionHtml":"<p>Проверка успешного ответа [201] при обновлении системных требований</p>\n","status":"skipped","statusMessage":"XFAIL System requirements cannot be created\n\nAssertionError: Status code is different than expected.\nExpected: 201\nActual: 400","statusTrace":"@pytest.fixture()\n    def create_delete_test_system_requirement():\n        payload = Generator.object(model=SystemRequirement)\n        response = create_system_requirement(json=payload)\n>       assert_status_code(response=response, expected=201)\n\ntests/games/conftest.py:106: \n_ _ _ _ _ _ _ _ _ _ _ _ _ _ _ _ _ _ _ _ _ _ _ _ _ _ _ _ _ _ _ _ _ _ _ _ _ _ _ _ \nsource/base/validator.py:62: in assert_status_code\n    return Assertion(response=response).assert_status_code(expected=expected)\n_ _ _ _ _ _ _ _ _ _ _ _ _ _ _ _ _ _ _ _ _ _ _ _ _ _ _ _ _ _ _ _ _ _ _ _ _ _ _ _ \n\nself = <source.base.validator.Assertion object at 0x7fd438a1b110>\nexpected = 201\n\n    @allure.step('Assertion of a status code')\n    def assert_status_code(self, expected: int):\n>       assert self.status_code == expected, f'{GlobalError.WRONG_STATUS_CODE}.\\n' \\\n                                             f'Expected: {expected}\\n'\\\n                                             f'Actual: {self.status_code}\\n'\nE       AssertionError: Status code is different than expected.\nE       Expected: 201\nE       Actual: 400\n\nsource/base/validator.py:43: AssertionError","flaky":false,"newFailed":false,"newBroken":false,"newPassed":false,"retriesCount":0,"retriesStatusChange":false,"beforeStages":[{"name":"_session_faker","time":{"start":1690220856424,"stop":1690220856552,"duration":128},"status":"passed","steps":[],"attachments":[],"parameters":[],"stepsCount":0,"attachmentsCount":0,"shouldDisplayMessage":false,"hasContent":false},{"name":"create_delete_test_system_requirement","time":{"start":1690220861624,"stop":1690220862519,"duration":895},"status":"failed","statusMessage":"AssertionError: Status code is different than expected.\nExpected: 201\nActual: 400\n\n","statusTrace":"  File \"/usr/local/lib/python3.11/site-packages/pluggy/_callers.py\", line 39, in _multicall\n    res = hook_impl.function(*args)\n          ^^^^^^^^^^^^^^^^^^^^^^^^^\n  File \"/usr/local/lib/python3.11/site-packages/_pytest/fixtures.py\", line 1130, in pytest_fixture_setup\n    result = call_fixture_func(fixturefunc, request, kwargs)\n             ^^^^^^^^^^^^^^^^^^^^^^^^^^^^^^^^^^^^^^^^^^^^^^^\n  File \"/usr/local/lib/python3.11/site-packages/_pytest/fixtures.py\", line 902, in call_fixture_func\n    fixture_result = next(generator)\n                     ^^^^^^^^^^^^^^^\n  File \"/usr/project/tests/games/conftest.py\", line 106, in create_delete_test_system_requirement\n    assert_status_code(response=response, expected=201)\n  File \"/usr/project/source/base/validator.py\", line 62, in assert_status_code\n    return Assertion(response=response).assert_status_code(expected=expected)\n           ^^^^^^^^^^^^^^^^^^^^^^^^^^^^^^^^^^^^^^^^^^^^^^^^^^^^^^^^^^^^^^^^^^\n  File \"/usr/local/lib/python3.11/site-packages/allure_commons/_allure.py\", line 192, in impl\n    return func(*a, **kw)\n           ^^^^^^^^^^^^^^\n  File \"/usr/project/source/base/validator.py\", line 43, in assert_status_code\n    assert self.status_code == expected, f'{GlobalError.WRONG_STATUS_CODE}.\\n' \\\n           ^^^^^^^^^^^^^^^^^^^^^^^^^^^^\n","steps":[{"name":"Generating data based on json model <class 'source.schemas.games.system_requirement.SystemRequirement'>","time":{"start":1690220861624,"stop":1690220861649,"duration":25},"status":"passed","steps":[],"attachments":[],"parameters":[{"name":"model","value":"<class 'source.schemas.games.system_requirement.SystemRequirement'>"},{"name":"lang","value":"None"},{"name":"seed","value":"None"},{"name":"include","value":"None"},{"name":"exclude","value":"None"}],"stepsCount":0,"attachmentsCount":0,"shouldDisplayMessage":false,"hasContent":true},{"name":"Create a system requirement","time":{"start":1690220861650,"stop":1690220862519,"duration":869},"status":"passed","steps":[{"name":"POST request to 'https://games.alpha.g-spot.website/api/v1/core/system_requirement/'","time":{"start":1690220861650,"stop":1690220862519,"duration":869},"status":"passed","steps":[],"attachments":[],"parameters":[{"name":"url","value":"'https://games.alpha.g-spot.website/api/v1/core/system_requirement/'"},{"name":"data","value":"None"},{"name":"json","value":"{'operatingSystem': 'WINDOWS', 'deviceProcessor': 'throughout', 'deviceStorage': 'Mrs', 'deviceGraphics': 'network', 'typeRequirements': 'RECOMMEND'}"},{"name":"params","value":"None"},{"name":"headers","value":"None"},{"name":"cookies","value":"None"},{"name":"auth","value":"('tester', 'tester')"}],"stepsCount":0,"attachmentsCount":0,"shouldDisplayMessage":false,"hasContent":true}],"attachments":[],"parameters":[{"name":"json","value":"{'operatingSystem': 'WINDOWS', 'deviceProcessor': 'throughout', 'deviceStorage': 'Mrs', 'deviceGraphics': 'network', 'typeRequirements': 'RECOMMEND'}"},{"name":"auth","value":"('tester', 'tester')"}],"stepsCount":1,"attachmentsCount":0,"shouldDisplayMessage":false,"hasContent":true},{"name":"Assertion of a status code","time":{"start":1690220862519,"stop":1690220862519,"duration":0},"status":"failed","statusMessage":"AssertionError: Status code is different than expected.\nExpected: 201\nActual: 400\n\n","statusTrace":"  File \"/usr/local/lib/python3.11/site-packages/allure_commons/_allure.py\", line 192, in impl\n    return func(*a, **kw)\n           ^^^^^^^^^^^^^^\n  File \"/usr/project/source/base/validator.py\", line 43, in assert_status_code\n    assert self.status_code == expected, f'{GlobalError.WRONG_STATUS_CODE}.\\n' \\\n           ^^^^^^^^^^^^^^^^^^^^^^^^^^^^\n","steps":[],"attachments":[],"parameters":[{"name":"expected","value":"201"}],"stepsCount":0,"attachmentsCount":0,"shouldDisplayMessage":true,"hasContent":true}],"attachments":[],"parameters":[],"stepsCount":4,"attachmentsCount":0,"shouldDisplayMessage":false,"hasContent":true}],"afterStages":[],"labels":[{"name":"story","value":"System requirement"},{"name":"feature","value":"Core"},{"name":"suite","value":"Test put system requirement"},{"name":"epic","value":"Games"},{"name":"tag","value":"@pytest.mark.xfail(reason='System requirements cannot be created')"},{"name":"tag","value":"smoke"},{"name":"parentSuite","value":"tests.games.core.system_requirement"},{"name":"subSuite","value":"TestSystemRequirementUpdate"},{"name":"host","value":"28ebca296809"},{"name":"thread","value":"1-MainThread"},{"name":"framework","value":"pytest"},{"name":"language","value":"cpython3"},{"name":"package","value":"tests.games.core.system_requirement.test_put_system_requirement"},{"name":"resultFormat","value":"allure2"}],"parameters":[],"links":[],"hidden":false,"retry":false,"extra":{"severity":"normal","retries":[],"categories":[],"history":{"statistic":{"failed":2,"broken":0,"skipped":2,"passed":3,"unknown":0,"total":7},"items":[{"uid":"4ac9e4841621f25c","reportUrl":"https://karbolinivan.github.io/GSPOTbackendtest/5//#testresult/4ac9e4841621f25c","status":"skipped","statusDetails":"XFAIL System requirements cannot be created\n\nAssertionError: Status code is different than expected.\nExpected: 201\nActual: 400","time":{"start":1690216817154,"stop":1690216817154,"duration":0}},{"uid":"97cb3fa5cb4272b3","reportUrl":"https://karbolinivan.github.io/GSPOTbackendtest/1//#testresult/97cb3fa5cb4272b3","status":"passed","time":{"start":1690128750412,"stop":1690128751570,"duration":1158}},{"uid":"aae7728b63bdca95","reportUrl":"https://karbolinivan.github.io/GSPOTbackendtest/2//#testresult/aae7728b63bdca95","status":"passed","time":{"start":1690043131511,"stop":1690043132536,"duration":1025}},{"uid":"5de91ac001be7964","reportUrl":"https://karbolinivan.github.io/GSPOTbackendtest/2//#testresult/5de91ac001be7964","status":"passed","time":{"start":1689963390305,"stop":1689963391205,"duration":900}},{"uid":"f39f2b3aedb4096a","reportUrl":"https://karbolinivan.github.io/GSPOTbackendtest/1//#testresult/f39f2b3aedb4096a","status":"failed","statusDetails":"AssertionError: Status code is different than expected.\nExpected: 201\nActual: 400","time":{"start":1689954910534,"stop":1689954910534,"duration":0}},{"uid":"d13efadefe622e69","reportUrl":"https://karbolinivan.github.io/GSPOTbackendtest/1//#testresult/d13efadefe622e69","status":"failed","statusDetails":"AssertionError: Status code is different than expected.\nExpected: 201\nActual: 400","time":{"start":1689954525578,"stop":1689954525578,"duration":0}}]},"tags":["smoke","@pytest.mark.xfail(reason='System requirements cannot be created')"]},"source":"578d9268248aec5b.json","parameterValues":[]}