{"uid":"a3a5e5045b1827cd","name":"Test system requirement delete","fullName":"tests.games.core.system_requirement.test_delete_system_requirement.TestSystemRequirementDelete#test_system_requirement_delete","historyId":"a954852aefe88897c86d9140e4563148","time":{"start":1690220856422,"stop":1690220856422,"duration":0},"description":"Проверка успешного ответа [204] при удалении системных требований","descriptionHtml":"<p>Проверка успешного ответа [204] при удалении системных требований</p>\n","status":"skipped","statusMessage":"XFAIL System requirements cannot be created\n\nAssertionError: Status code is different than expected.\nExpected: 201\nActual: 400","statusTrace":"@pytest.fixture()\n    def create_test_system_requirement():\n        payload = Generator.object(model=SystemRequirement)\n        response = create_system_requirement(json=payload)\n>       assert_status_code(response=response, expected=201)\n\ntests/games/conftest.py:117: \n_ _ _ _ _ _ _ _ _ _ _ _ _ _ _ _ _ _ _ _ _ _ _ _ _ _ _ _ _ _ _ _ _ _ _ _ _ _ _ _ \nsource/base/validator.py:62: in assert_status_code\n    return Assertion(response=response).assert_status_code(expected=expected)\n_ _ _ _ _ _ _ _ _ _ _ _ _ _ _ _ _ _ _ _ _ _ _ _ _ _ _ _ _ _ _ _ _ _ _ _ _ _ _ _ \n\nself = <source.base.validator.Assertion object at 0x7fd439773610>\nexpected = 201\n\n    @allure.step('Assertion of a status code')\n    def assert_status_code(self, expected: int):\n>       assert self.status_code == expected, f'{GlobalError.WRONG_STATUS_CODE}.\\n' \\\n                                             f'Expected: {expected}\\n'\\\n                                             f'Actual: {self.status_code}\\n'\nE       AssertionError: Status code is different than expected.\nE       Expected: 201\nE       Actual: 400\n\nsource/base/validator.py:43: AssertionError","flaky":false,"newFailed":false,"newBroken":false,"newPassed":false,"retriesCount":0,"retriesStatusChange":false,"beforeStages":[{"name":"_session_faker","time":{"start":1690220856424,"stop":1690220856552,"duration":128},"status":"passed","steps":[],"attachments":[],"parameters":[],"stepsCount":0,"attachmentsCount":0,"shouldDisplayMessage":false,"hasContent":false},{"name":"create_test_system_requirement","time":{"start":1690220856552,"stop":1690220857638,"duration":1086},"status":"failed","statusMessage":"AssertionError: Status code is different than expected.\nExpected: 201\nActual: 400\n\n","statusTrace":"  File \"/usr/local/lib/python3.11/site-packages/pluggy/_callers.py\", line 39, in _multicall\n    res = hook_impl.function(*args)\n          ^^^^^^^^^^^^^^^^^^^^^^^^^\n  File \"/usr/local/lib/python3.11/site-packages/_pytest/fixtures.py\", line 1130, in pytest_fixture_setup\n    result = call_fixture_func(fixturefunc, request, kwargs)\n             ^^^^^^^^^^^^^^^^^^^^^^^^^^^^^^^^^^^^^^^^^^^^^^^\n  File \"/usr/local/lib/python3.11/site-packages/_pytest/fixtures.py\", line 909, in call_fixture_func\n    fixture_result = fixturefunc(**kwargs)\n                     ^^^^^^^^^^^^^^^^^^^^^\n  File \"/usr/project/tests/games/conftest.py\", line 117, in create_test_system_requirement\n    assert_status_code(response=response, expected=201)\n  File \"/usr/project/source/base/validator.py\", line 62, in assert_status_code\n    return Assertion(response=response).assert_status_code(expected=expected)\n           ^^^^^^^^^^^^^^^^^^^^^^^^^^^^^^^^^^^^^^^^^^^^^^^^^^^^^^^^^^^^^^^^^^\n  File \"/usr/local/lib/python3.11/site-packages/allure_commons/_allure.py\", line 192, in impl\n    return func(*a, **kw)\n           ^^^^^^^^^^^^^^\n  File \"/usr/project/source/base/validator.py\", line 43, in assert_status_code\n    assert self.status_code == expected, f'{GlobalError.WRONG_STATUS_CODE}.\\n' \\\n           ^^^^^^^^^^^^^^^^^^^^^^^^^^^^\n","steps":[{"name":"Generating data based on json model <class 'source.schemas.games.system_requirement.SystemRequirement'>","time":{"start":1690220856552,"stop":1690220856582,"duration":30},"status":"passed","steps":[],"attachments":[],"parameters":[{"name":"model","value":"<class 'source.schemas.games.system_requirement.SystemRequirement'>"},{"name":"lang","value":"None"},{"name":"seed","value":"None"},{"name":"include","value":"None"},{"name":"exclude","value":"None"}],"stepsCount":0,"attachmentsCount":0,"shouldDisplayMessage":false,"hasContent":true},{"name":"Create a system requirement","time":{"start":1690220856583,"stop":1690220857637,"duration":1054},"status":"passed","steps":[{"name":"POST request to 'https://games.alpha.g-spot.website/api/v1/core/system_requirement/'","time":{"start":1690220856583,"stop":1690220857637,"duration":1054},"status":"passed","steps":[],"attachments":[],"parameters":[{"name":"url","value":"'https://games.alpha.g-spot.website/api/v1/core/system_requirement/'"},{"name":"data","value":"None"},{"name":"json","value":"{'operatingSystem': 'WINDOWS', 'deviceProcessor': 'find', 'deviceStorage': 'structure', 'deviceGraphics': 'case', 'typeRequirements': 'RECOMMEND'}"},{"name":"params","value":"None"},{"name":"headers","value":"None"},{"name":"cookies","value":"None"},{"name":"auth","value":"('tester', 'tester')"}],"stepsCount":0,"attachmentsCount":0,"shouldDisplayMessage":false,"hasContent":true}],"attachments":[],"parameters":[{"name":"json","value":"{'operatingSystem': 'WINDOWS', 'deviceProcessor': 'find', 'deviceStorage': 'structure', 'deviceGraphics': 'case', 'typeRequirements': 'RECOMMEND'}"},{"name":"auth","value":"('tester', 'tester')"}],"stepsCount":1,"attachmentsCount":0,"shouldDisplayMessage":false,"hasContent":true},{"name":"Assertion of a status code","time":{"start":1690220857637,"stop":1690220857637,"duration":0},"status":"failed","statusMessage":"AssertionError: Status code is different than expected.\nExpected: 201\nActual: 400\n\n","statusTrace":"  File \"/usr/local/lib/python3.11/site-packages/allure_commons/_allure.py\", line 192, in impl\n    return func(*a, **kw)\n           ^^^^^^^^^^^^^^\n  File \"/usr/project/source/base/validator.py\", line 43, in assert_status_code\n    assert self.status_code == expected, f'{GlobalError.WRONG_STATUS_CODE}.\\n' \\\n           ^^^^^^^^^^^^^^^^^^^^^^^^^^^^\n","steps":[],"attachments":[],"parameters":[{"name":"expected","value":"201"}],"stepsCount":0,"attachmentsCount":0,"shouldDisplayMessage":true,"hasContent":true}],"attachments":[],"parameters":[],"stepsCount":4,"attachmentsCount":0,"shouldDisplayMessage":false,"hasContent":true}],"afterStages":[],"labels":[{"name":"story","value":"System requirement"},{"name":"feature","value":"Core"},{"name":"suite","value":"Test delete system requirement"},{"name":"epic","value":"Games"},{"name":"tag","value":"@pytest.mark.xfail(reason='System requirements cannot be created')"},{"name":"tag","value":"smoke"},{"name":"parentSuite","value":"tests.games.core.system_requirement"},{"name":"subSuite","value":"TestSystemRequirementDelete"},{"name":"host","value":"28ebca296809"},{"name":"thread","value":"1-MainThread"},{"name":"framework","value":"pytest"},{"name":"language","value":"cpython3"},{"name":"package","value":"tests.games.core.system_requirement.test_delete_system_requirement"},{"name":"resultFormat","value":"allure2"}],"parameters":[],"links":[],"hidden":false,"retry":false,"extra":{"severity":"normal","retries":[],"categories":[],"history":{"statistic":{"failed":2,"broken":0,"skipped":5,"passed":0,"unknown":0,"total":7},"items":[{"uid":"6d0419fde8c0ff4c","reportUrl":"https://karbolinivan.github.io/GSPOTbackendtest/5//#testresult/6d0419fde8c0ff4c","status":"skipped","statusDetails":"XFAIL System requirements cannot be created\n\nAssertionError: Status code is different than expected.\nExpected: 201\nActual: 400","time":{"start":1690216808463,"stop":1690216808463,"duration":0}},{"uid":"a5de230d7d17275a","reportUrl":"https://karbolinivan.github.io/GSPOTbackendtest/1//#testresult/a5de230d7d17275a","status":"skipped","statusDetails":"XFAIL System requirements cannot be created\n\nAssertionError: Status code is different than expected.\nExpected: 201\nActual: 400","time":{"start":1690128744125,"stop":1690128744125,"duration":0}},{"uid":"9d4e87f55bdc7a00","reportUrl":"https://karbolinivan.github.io/GSPOTbackendtest/2//#testresult/9d4e87f55bdc7a00","status":"skipped","statusDetails":"XFAIL\n\nAssertionError: Status code is different than expected.\nExpected: 201\nActual: 400","time":{"start":1690043126257,"stop":1690043126257,"duration":0}},{"uid":"fefd29792985b762","reportUrl":"https://karbolinivan.github.io/GSPOTbackendtest/2//#testresult/fefd29792985b762","status":"skipped","statusDetails":"XFAIL\n\nAssertionError: Status code is different than expected.\nExpected: 201\nActual: 400","time":{"start":1689963384049,"stop":1689963384049,"duration":0}},{"uid":"90382be86499df71","reportUrl":"https://karbolinivan.github.io/GSPOTbackendtest/1//#testresult/90382be86499df71","status":"failed","statusDetails":"AssertionError: Status code is different than expected.\nExpected: 201\nActual: 400","time":{"start":1689954905553,"stop":1689954905553,"duration":0}},{"uid":"11a68a79011f2cbf","reportUrl":"https://karbolinivan.github.io/GSPOTbackendtest/1//#testresult/11a68a79011f2cbf","status":"failed","statusDetails":"AssertionError: Status code is different than expected.\nExpected: 201\nActual: 400","time":{"start":1689954520735,"stop":1689954520735,"duration":0}}]},"tags":["smoke","@pytest.mark.xfail(reason='System requirements cannot be created')"]},"source":"a3a5e5045b1827cd.json","parameterValues":[]}