{"uid":"1cb2ed6969dcb76","name":"TG11-Test system requirement delete","fullName":"tests.games.core.system_requirement.test_delete_system_requirement.TestSystemRequirementDelete#test_system_requirement_delete","historyId":"a954852aefe88897c86d9140e4563148","time":{"start":1692895725433,"stop":1692895725433,"duration":0},"description":"Проверка успешного ответа [204] при удалении системных требований","descriptionHtml":"<p>Проверка успешного ответа [204] при удалении системных требований</p>\n","status":"skipped","statusMessage":"XFAIL System requirements cannot be created\n\nAssertionError: Status code is different than expected.\nActual: 400\nExpected: 201","statusTrace":"@pytest.fixture()\n    def create_test_system_requirement():\n        payload = Generator.object(model=SystemRequirement)\n        response = system_requirements.create(json=payload)\n>       assertions.status_code(actual=response.status_code, expected=HTTPStatus.CREATED)\n\ntests/games/conftest.py:119: \n_ _ _ _ _ _ _ _ _ _ _ _ _ _ _ _ _ _ _ _ _ _ _ _ _ _ _ _ _ _ _ _ _ _ _ _ _ _ _ _ \n\nactual = 400, expected = <HTTPStatus.CREATED: 201>\n\n    @staticmethod\n    @allure.step('Assertion of a status code')\n    def status_code(actual, expected):\n>       assert actual == expected, f'{GlobalError.WRONG_STATUS_CODE}.\\n' \\\n                                   f'Actual: {actual}\\n' \\\n                                   f'Expected: {expected}'\nE       AssertionError: Status code is different than expected.\nE       Actual: 400\nE       Expected: 201\n\nsource/base/validator.py:94: AssertionError","flaky":false,"newFailed":false,"newBroken":false,"newPassed":false,"retriesCount":0,"retriesStatusChange":false,"beforeStages":[{"name":"_session_faker","time":{"start":1692895721954,"stop":1692895722103,"duration":149},"status":"passed","steps":[],"attachments":[],"parameters":[],"stepsCount":0,"attachmentsCount":0,"shouldDisplayMessage":false,"hasContent":false},{"name":"create_test_system_requirement","time":{"start":1692895725434,"stop":1692895726257,"duration":823},"status":"failed","statusMessage":"AssertionError: Status code is different than expected.\nActual: 400\nExpected: 201\n","statusTrace":"  File \"/usr/local/lib/python3.11/site-packages/pluggy/_callers.py\", line 39, in _multicall\n    res = hook_impl.function(*args)\n          ^^^^^^^^^^^^^^^^^^^^^^^^^\n  File \"/usr/local/lib/python3.11/site-packages/_pytest/fixtures.py\", line 1130, in pytest_fixture_setup\n    result = call_fixture_func(fixturefunc, request, kwargs)\n             ^^^^^^^^^^^^^^^^^^^^^^^^^^^^^^^^^^^^^^^^^^^^^^^\n  File \"/usr/local/lib/python3.11/site-packages/_pytest/fixtures.py\", line 909, in call_fixture_func\n    fixture_result = fixturefunc(**kwargs)\n                     ^^^^^^^^^^^^^^^^^^^^^\n  File \"/usr/project/tests/games/conftest.py\", line 119, in create_test_system_requirement\n    assertions.status_code(actual=response.status_code, expected=HTTPStatus.CREATED)\n  File \"/usr/local/lib/python3.11/site-packages/allure_commons/_allure.py\", line 192, in impl\n    return func(*a, **kw)\n           ^^^^^^^^^^^^^^\n  File \"/usr/project/source/base/validator.py\", line 94, in status_code\n    assert actual == expected, f'{GlobalError.WRONG_STATUS_CODE}.\\n' \\\n           ^^^^^^^^^^^^^^^^^^\n","steps":[{"name":"Generating data based on json model <class 'source.schemas.games.system_requirement.SystemRequirement'>","time":{"start":1692895725434,"stop":1692895725460,"duration":26},"status":"passed","steps":[],"attachments":[],"parameters":[{"name":"model","value":"<class 'source.schemas.games.system_requirement.SystemRequirement'>"},{"name":"lang","value":"None"},{"name":"seed","value":"None"},{"name":"include","value":"None"},{"name":"exclude","value":"None"}],"stepsCount":0,"attachmentsCount":0,"shouldDisplayMessage":false,"hasContent":true},{"name":"Create a system requirement","time":{"start":1692895725460,"stop":1692895726256,"duration":796},"status":"passed","steps":[{"name":"POST request to:\n'https://games.alpha.g-spot.website/api/v1/core/system_requirement/'","time":{"start":1692895725461,"stop":1692895726256,"duration":795},"status":"passed","steps":[],"attachments":[{"uid":"852497e4707b2699","name":"Logs","source":"852497e4707b2699.txt","type":"text/plain","size":883}],"parameters":[{"name":"url","value":"'https://games.alpha.g-spot.website/api/v1/core/system_requirement/'"},{"name":"data","value":"None"},{"name":"json","value":"{'operatingSystem': 'WINDOWS', 'deviceProcessor': 'environmental', 'deviceStorage': 'offer', 'deviceGraphics': 'country', 'typeRequirements': 'RECOMMEND'}"},{"name":"params","value":"None"},{"name":"headers","value":"None"},{"name":"cookies","value":"None"},{"name":"auth","value":"('tester', 'tester')"}],"stepsCount":0,"attachmentsCount":1,"shouldDisplayMessage":false,"hasContent":true}],"attachments":[],"parameters":[{"name":"json","value":"{'operatingSystem': 'WINDOWS', 'deviceProcessor': 'environmental', 'deviceStorage': 'offer', 'deviceGraphics': 'country', 'typeRequirements': 'RECOMMEND'}"}],"stepsCount":1,"attachmentsCount":1,"shouldDisplayMessage":false,"hasContent":true},{"name":"Assertion of a status code","time":{"start":1692895726256,"stop":1692895726256,"duration":0},"status":"failed","statusMessage":"AssertionError: Status code is different than expected.\nActual: 400\nExpected: 201\n","statusTrace":"  File \"/usr/local/lib/python3.11/site-packages/allure_commons/_allure.py\", line 192, in impl\n    return func(*a, **kw)\n           ^^^^^^^^^^^^^^\n  File \"/usr/project/source/base/validator.py\", line 94, in status_code\n    assert actual == expected, f'{GlobalError.WRONG_STATUS_CODE}.\\n' \\\n           ^^^^^^^^^^^^^^^^^^\n","steps":[],"attachments":[],"parameters":[{"name":"actual","value":"400"},{"name":"expected","value":"<HTTPStatus.CREATED: 201>"}],"stepsCount":0,"attachmentsCount":0,"shouldDisplayMessage":true,"hasContent":true}],"attachments":[],"parameters":[],"stepsCount":4,"attachmentsCount":1,"shouldDisplayMessage":false,"hasContent":true}],"afterStages":[],"labels":[{"name":"suite","value":"Test delete system requirement"},{"name":"feature","value":"Core"},{"name":"epic","value":"Games"},{"name":"story","value":"System requirement"},{"name":"tag","value":"@pytest.mark.xfail(reason='System requirements cannot be created')"},{"name":"tag","value":"smoke"},{"name":"parentSuite","value":"tests.games.core.system_requirement"},{"name":"subSuite","value":"TestSystemRequirementDelete"},{"name":"host","value":"4a7b1454829c"},{"name":"thread","value":"1-MainThread"},{"name":"framework","value":"pytest"},{"name":"language","value":"cpython3"},{"name":"package","value":"tests.games.core.system_requirement.test_delete_system_requirement"},{"name":"resultFormat","value":"allure2"}],"parameters":[],"links":[{"name":"core_system_requirement_{id}_delete","url":"https://github.com/victoretc/GSPOTtestingdocumentation/blob/main/games/core/core_system_requirement_%7Bid%7D_delete.md","type":"tms"}],"hidden":false,"retry":false,"extra":{"severity":"normal","retries":[],"categories":[],"history":{"statistic":{"failed":0,"broken":0,"skipped":9,"passed":0,"unknown":0,"total":9},"items":[{"uid":"709dd1aa07b250cf","reportUrl":"https://karbolinivan.github.io/GSPOTbackendtest/20//#testresult/709dd1aa07b250cf","status":"skipped","statusDetails":"XFAIL System requirements cannot be created\n\nAssertionError: Status code is different than expected.\nActual: 400\nExpected: 201","time":{"start":1692612116890,"stop":1692612116890,"duration":0}},{"uid":"6376df09aa838567","reportUrl":"https://karbolinivan.github.io/GSPOTbackendtest/19//#testresult/6376df09aa838567","status":"skipped","statusDetails":"XFAIL System requirements cannot be created\n\nAssertionError: Status code is different than expected.\nActual: 400\nExpected: 201","time":{"start":1692358943838,"stop":1692358943838,"duration":0}},{"uid":"9ac18b517ec9979e","reportUrl":"https://karbolinivan.github.io/GSPOTbackendtest/16//#testresult/9ac18b517ec9979e","status":"skipped","statusDetails":"XFAIL System requirements cannot be created\n\nAssertionError: Status code is different than expected.\nExpected: 201\nActual: 400","time":{"start":1691402512039,"stop":1691402512039,"duration":0}},{"uid":"562b7ee1b1abe90b","reportUrl":"https://karbolinivan.github.io/GSPOTbackendtest/15//#testresult/562b7ee1b1abe90b","status":"skipped","statusDetails":"XFAIL System requirements cannot be created\n\nAssertionError: Status code is different than expected.\nExpected: 201\nActual: 400","time":{"start":1691153226856,"stop":1691153226856,"duration":0}},{"uid":"ec9039f926e2b5ce","reportUrl":"https://karbolinivan.github.io/GSPOTbackendtest/14//#testresult/ec9039f926e2b5ce","status":"skipped","statusDetails":"XFAIL System requirements cannot be created\n\nAssertionError: Status code is different than expected.\nExpected: 201\nActual: 400","time":{"start":1690906753082,"stop":1690906753082,"duration":0}},{"uid":"1e0be704716944a0","reportUrl":"https://karbolinivan.github.io/GSPOTbackendtest/13//#testresult/1e0be704716944a0","status":"skipped","statusDetails":"XFAIL System requirements cannot be created\n\nAssertionError: Status code is different than expected.\nExpected: 201\nActual: 400","time":{"start":1690797735876,"stop":1690797735876,"duration":0}},{"uid":"c7cc4127026f2816","reportUrl":"https://karbolinivan.github.io/GSPOTbackendtest/12//#testresult/c7cc4127026f2816","status":"skipped","statusDetails":"XFAIL System requirements cannot be created\n\nAssertionError: Status code is different than expected.\nExpected: 201\nActual: 400","time":{"start":1690751594992,"stop":1690751594992,"duration":0}},{"uid":"7e215eb243a502aa","reportUrl":"https://karbolinivan.github.io/GSPOTbackendtest/11//#testresult/7e215eb243a502aa","status":"skipped","statusDetails":"XFAIL System requirements cannot be created\n\nAssertionError: Status code is different than expected.\nExpected: 201\nActual: 400","time":{"start":1690660374671,"stop":1690660374671,"duration":0}}]},"tags":["smoke","@pytest.mark.xfail(reason='System requirements cannot be created')"]},"source":"1cb2ed6969dcb76.json","parameterValues":[]}