{"uid":"5c3451daf0873553","name":"TG10-Test system requirement create","fullName":"tests.games.core.system_requirement.test_post_system_requirement.TestSystemRequirementCreate#test_system_requirement_create","historyId":"5d84eb76452dcea4bc8f13df63b167e9","time":{"start":1690751599607,"stop":1690751600626,"duration":1019},"description":"Проверка успешного ответа [201] при создании системных требований","descriptionHtml":"<p>Проверка успешного ответа [201] при создании системных требований</p>\n","status":"skipped","statusMessage":"XFAIL System requirements cannot be created\n\nAssertionError: Status code is different than expected.\nExpected: 201\nActual: 400","statusTrace":"self = <tests.games.core.system_requirement.test_post_system_requirement.TestSystemRequirementCreate object at 0x7f7a39e9a450>\ndelete_created_data = <function _delete_created_data at 0x7f7a442aafc0>\n\n    @allure.title(f'{Cases.GAMES[\"TG10\"][\"id\"]}-Test system requirement create')\n    @allure.description('Проверка успешного ответа [201] при создании системных требований')\n    @allure.testcase(name=Cases.GAMES[\"TG10\"][\"name\"], url=Cases.GAMES[\"TG10\"][\"link\"])\n    def test_system_requirement_create(self, delete_created_data):\n        payload = Generator.object(model=SystemRequirement, seed=10)\n        response = create_system_requirement(json=payload)\n    \n        payload['id'] = response.json().get('id')\n>       assert_status_code(response=response, expected=201)\n\ntests/games/core/system_requirement/test_post_system_requirement.py:26: \n_ _ _ _ _ _ _ _ _ _ _ _ _ _ _ _ _ _ _ _ _ _ _ _ _ _ _ _ _ _ _ _ _ _ _ _ _ _ _ _ \nsource/base/validator.py:62: in assert_status_code\n    return Assertion(response=response).assert_status_code(expected=expected)\n_ _ _ _ _ _ _ _ _ _ _ _ _ _ _ _ _ _ _ _ _ _ _ _ _ _ _ _ _ _ _ _ _ _ _ _ _ _ _ _ \n\nself = <source.base.validator.Assertion object at 0x7f7a39fbb450>\nexpected = 201\n\n    @allure.step('Assertion of a status code')\n    def assert_status_code(self, expected: int):\n>       assert self.status_code == expected, f'{GlobalError.WRONG_STATUS_CODE}.\\n' \\\n                                             f'Expected: {expected}\\n'\\\n                                             f'Actual: {self.status_code}\\n'\nE       AssertionError: Status code is different than expected.\nE       Expected: 201\nE       Actual: 400\n\nsource/base/validator.py:43: AssertionError","flaky":false,"newFailed":false,"newBroken":false,"newPassed":false,"retriesCount":0,"retriesStatusChange":false,"beforeStages":[{"name":"_session_faker","time":{"start":1690751591977,"stop":1690751592146,"duration":169},"status":"passed","steps":[],"attachments":[],"parameters":[],"stepsCount":0,"attachmentsCount":0,"shouldDisplayMessage":false,"hasContent":false},{"name":"delete_created_data","time":{"start":1690751599606,"stop":1690751599606,"duration":0},"status":"passed","steps":[],"attachments":[],"parameters":[],"stepsCount":0,"attachmentsCount":0,"shouldDisplayMessage":false,"hasContent":false}],"testStage":{"description":"Проверка успешного ответа [201] при создании системных требований","status":"skipped","statusMessage":"XFAIL System requirements cannot be created\n\nAssertionError: Status code is different than expected.\nExpected: 201\nActual: 400","statusTrace":"self = <tests.games.core.system_requirement.test_post_system_requirement.TestSystemRequirementCreate object at 0x7f7a39e9a450>\ndelete_created_data = <function _delete_created_data at 0x7f7a442aafc0>\n\n    @allure.title(f'{Cases.GAMES[\"TG10\"][\"id\"]}-Test system requirement create')\n    @allure.description('Проверка успешного ответа [201] при создании системных требований')\n    @allure.testcase(name=Cases.GAMES[\"TG10\"][\"name\"], url=Cases.GAMES[\"TG10\"][\"link\"])\n    def test_system_requirement_create(self, delete_created_data):\n        payload = Generator.object(model=SystemRequirement, seed=10)\n        response = create_system_requirement(json=payload)\n    \n        payload['id'] = response.json().get('id')\n>       assert_status_code(response=response, expected=201)\n\ntests/games/core/system_requirement/test_post_system_requirement.py:26: \n_ _ _ _ _ _ _ _ _ _ _ _ _ _ _ _ _ _ _ _ _ _ _ _ _ _ _ _ _ _ _ _ _ _ _ _ _ _ _ _ \nsource/base/validator.py:62: in assert_status_code\n    return Assertion(response=response).assert_status_code(expected=expected)\n_ _ _ _ _ _ _ _ _ _ _ _ _ _ _ _ _ _ _ _ _ _ _ _ _ _ _ _ _ _ _ _ _ _ _ _ _ _ _ _ \n\nself = <source.base.validator.Assertion object at 0x7f7a39fbb450>\nexpected = 201\n\n    @allure.step('Assertion of a status code')\n    def assert_status_code(self, expected: int):\n>       assert self.status_code == expected, f'{GlobalError.WRONG_STATUS_CODE}.\\n' \\\n                                             f'Expected: {expected}\\n'\\\n                                             f'Actual: {self.status_code}\\n'\nE       AssertionError: Status code is different than expected.\nE       Expected: 201\nE       Actual: 400\n\nsource/base/validator.py:43: AssertionError","steps":[{"name":"Generating data based on json model <class 'source.schemas.games.system_requirement.SystemRequirement'>","time":{"start":1690751599607,"stop":1690751599632,"duration":25},"status":"passed","steps":[],"attachments":[],"parameters":[{"name":"model","value":"<class 'source.schemas.games.system_requirement.SystemRequirement'>"},{"name":"lang","value":"None"},{"name":"seed","value":"10"},{"name":"include","value":"None"},{"name":"exclude","value":"None"}],"stepsCount":0,"attachmentsCount":0,"shouldDisplayMessage":false,"hasContent":true},{"name":"Create a system requirement","time":{"start":1690751599632,"stop":1690751600620,"duration":988},"status":"passed","steps":[{"name":"POST request to:\n'https://games.alpha.g-spot.website/api/v1/core/system_requirement/'","time":{"start":1690751599633,"stop":1690751600620,"duration":987},"status":"passed","steps":[],"attachments":[{"uid":"b8f0c8bc5cfd209c","name":"Logs","source":"b8f0c8bc5cfd209c.txt","type":"text/plain","size":873}],"parameters":[{"name":"url","value":"'https://games.alpha.g-spot.website/api/v1/core/system_requirement/'"},{"name":"data","value":"None"},{"name":"json","value":"{'operatingSystem': 'WINDOWS', 'deviceProcessor': 'owner', 'deviceStorage': 'alone', 'deviceGraphics': 'laugh', 'typeRequirements': 'RECOMMEND'}"},{"name":"params","value":"None"},{"name":"headers","value":"None"},{"name":"cookies","value":"None"},{"name":"auth","value":"('tester', 'tester')"}],"stepsCount":0,"attachmentsCount":1,"shouldDisplayMessage":false,"hasContent":true}],"attachments":[],"parameters":[{"name":"json","value":"{'operatingSystem': 'WINDOWS', 'deviceProcessor': 'owner', 'deviceStorage': 'alone', 'deviceGraphics': 'laugh', 'typeRequirements': 'RECOMMEND'}"},{"name":"auth","value":"('tester', 'tester')"}],"stepsCount":1,"attachmentsCount":1,"shouldDisplayMessage":false,"hasContent":true},{"name":"Assertion of a status code","time":{"start":1690751600620,"stop":1690751600620,"duration":0},"status":"failed","statusMessage":"AssertionError: Status code is different than expected.\nExpected: 201\nActual: 400\n\n","statusTrace":"  File \"/usr/local/lib/python3.11/site-packages/allure_commons/_allure.py\", line 192, in impl\n    return func(*a, **kw)\n           ^^^^^^^^^^^^^^\n  File \"/usr/project/source/base/validator.py\", line 43, in assert_status_code\n    assert self.status_code == expected, f'{GlobalError.WRONG_STATUS_CODE}.\\n' \\\n           ^^^^^^^^^^^^^^^^^^^^^^^^^^^^\n","steps":[],"attachments":[],"parameters":[{"name":"expected","value":"201"}],"stepsCount":0,"attachmentsCount":0,"shouldDisplayMessage":true,"hasContent":true}],"attachments":[],"parameters":[],"stepsCount":4,"attachmentsCount":1,"shouldDisplayMessage":true,"hasContent":true},"afterStages":[],"labels":[{"name":"epic","value":"Games"},{"name":"suite","value":"Test post system requirement"},{"name":"story","value":"System requirement"},{"name":"feature","value":"Core"},{"name":"tag","value":"@pytest.mark.xfail(reason='System requirements cannot be created')"},{"name":"tag","value":"smoke"},{"name":"parentSuite","value":"tests.games.core.system_requirement"},{"name":"subSuite","value":"TestSystemRequirementCreate"},{"name":"host","value":"bfed889dfd2f"},{"name":"thread","value":"1-MainThread"},{"name":"framework","value":"pytest"},{"name":"language","value":"cpython3"},{"name":"package","value":"tests.games.core.system_requirement.test_post_system_requirement"},{"name":"resultFormat","value":"allure2"}],"parameters":[],"links":[{"name":"core_system_requirement_post","url":"https://github.com/victoretc/GSPOTtestingdocumentation/blob/main/games/core/core_system_requirement_post.md","type":"tms"}],"hidden":false,"retry":false,"extra":{"severity":"normal","retries":[],"categories":[],"history":{"statistic":{"failed":0,"broken":0,"skipped":2,"passed":0,"unknown":0,"total":2},"items":[{"uid":"4fea370880620bee","reportUrl":"https://karbolinivan.github.io/GSPOTbackendtest/11//#testresult/4fea370880620bee","status":"skipped","statusDetails":"XFAIL System requirements cannot be created\n\nAssertionError: Status code is different than expected.\nExpected: 201\nActual: 400","time":{"start":1690660378217,"stop":1690660378947,"duration":730}}]},"tags":["smoke","@pytest.mark.xfail(reason='System requirements cannot be created')"]},"source":"5c3451daf0873553.json","parameterValues":[]}